2020-05-24 08:30:14,363:get_data.py:78:WARNING:El subtitulo: subtitles\antena3 HD_spa_TXT.st 2019 10 18.xlogmorning_new está vacio 

2020-05-24 08:30:14,363:get_data.py:80:WARNING:El subtitulo: subtitles\antena3 HD_spa_TXT.st 2019 10 18.xlogafternoon_new está vacio 

2020-05-24 08:30:29,868:get_data.py:78:WARNING:El subtitulo: subtitles\antena3 HD_spa_TXT.st 2019 10 18.xlogmorning_new está vacio 

2020-05-24 08:30:29,868:get_data.py:80:WARNING:El subtitulo: subtitles\antena3 HD_spa_TXT.st 2019 10 18.xlogafternoon_new está vacio 

2020-05-24 08:31:11,258:get_data.py:78:WARNING:El subtitulo: subtitles\antena3 HD_spa_TXT.st 2019 10 18.xlogmorning_new está vacio 

2020-05-24 08:31:11,258:get_data.py:80:WARNING:El subtitulo: subtitles\antena3 HD_spa_TXT.st 2019 10 18.xlogafternoon_new está vacio 

2020-05-24 08:42:51,688:get_data.py:78:WARNING:El subtitulo: subtitles\antena3 HD_spa_TXT.st 2019 10 18.xlogmorning_new está vacio 

2020-05-24 08:42:51,688:get_data.py:80:WARNING:El subtitulo: subtitles\antena3 HD_spa_TXT.st 2019 10 18.xlogafternoon_new está vacio 

2020-05-24 08:42:52,673:get_data.py:78:WARNING:El subtitulo: subtitles\antena3_spa_OCR.st 2019 10 18.xlogmorning_new está vacio 

2020-05-24 08:42:52,673:get_data.py:80:WARNING:El subtitulo: subtitles\antena3_spa_OCR.st 2019 10 18.xlogafternoon_new está vacio 

2020-05-24 08:42:56,383:get_data.py:96:WARNING:UnicodeDecodeError --- The subtititle: subtitles\La 1_spa_OCR.st 2016 12 29.xlog cant be decodified  

2020-05-24 08:42:56,383:get_data.py:96:WARNING:UnicodeDecodeError --- The subtititle: subtitles\La 1_spa_OCR.st 2016 12 30.xlog cant be decodified  

2020-05-24 08:42:59,320:get_data.py:96:WARNING:UnicodeDecodeError --- The subtititle: subtitles\La 1_spa_OCR.st 2017 02 20.xlog cant be decodified  

2020-05-24 08:42:59,773:get_data.py:78:WARNING:El subtitulo: subtitles\La 1_spa_OCR.st 2017 03 05.xlogmorning_new está vacio 

2020-05-24 08:43:00,179:get_data.py:78:WARNING:El subtitulo: subtitles\La 1_spa_OCR.st 2017 03 21.xlogmorning_new está vacio 

2020-05-24 08:43:01,194:get_data.py:78:WARNING:El subtitulo: subtitles\La 1_spa_OCR.st 2017 04 27.xlogmorning_new está vacio 

2020-05-24 08:43:01,288:get_data.py:78:WARNING:El subtitulo: subtitles\La 1_spa_OCR.st 2017 04 28.xlogmorning_new está vacio 

2020-05-24 08:43:01,944:get_data.py:80:WARNING:El subtitulo: subtitles\La 1_spa_OCR.st 2017 05 22.xlogafternoon_new está vacio 

2020-05-24 08:43:06,008:get_data.py:96:WARNING:UnicodeDecodeError --- The subtititle: subtitles\La 1_spa_OCR.st 2017 09 04.xlog cant be decodified  

2020-05-24 08:43:06,961:get_data.py:78:WARNING:El subtitulo: subtitles\La 1_spa_OCR.st 2017 09 24.xlogmorning_new está vacio 

2020-05-24 08:43:06,961:get_data.py:80:WARNING:El subtitulo: subtitles\La 1_spa_OCR.st 2017 09 24.xlogafternoon_new está vacio 

2020-05-24 08:43:07,148:get_data.py:78:WARNING:El subtitulo: subtitles\La 1_spa_OCR.st 2017 09 26.xlogmorning_new está vacio 

2020-05-24 08:43:07,351:get_data.py:80:WARNING:El subtitulo: subtitles\La 1_spa_OCR.st 2017 09 29.xlogafternoon_new está vacio 

2020-05-24 08:43:07,382:get_data.py:78:WARNING:El subtitulo: subtitles\La 1_spa_OCR.st 2017 10 04.xlogmorning_new está vacio 

2020-05-24 08:43:07,445:get_data.py:78:WARNING:El subtitulo: subtitles\La 1_spa_OCR.st 2017 10 07.xlogmorning_new está vacio 

2020-05-24 08:43:07,445:get_data.py:80:WARNING:El subtitulo: subtitles\La 1_spa_OCR.st 2017 10 07.xlogafternoon_new está vacio 

2020-05-24 08:43:08,414:get_data.py:78:WARNING:El subtitulo: subtitles\La 1_spa_OCR.st 2017 11 09.xlogmorning_new está vacio 

2020-05-24 08:43:08,757:get_data.py:78:WARNING:El subtitulo: subtitles\La 1_spa_OCR.st 2017 11 21.xlogmorning_new está vacio 

2020-05-24 08:43:08,757:get_data.py:80:WARNING:El subtitulo: subtitles\La 1_spa_OCR.st 2017 11 21.xlogafternoon_new está vacio 

2020-05-24 08:43:08,804:get_data.py:78:WARNING:El subtitulo: subtitles\La 1_spa_OCR.st 2017 11 23.xlogmorning_new está vacio 

2020-05-24 08:43:10,241:get_data.py:78:WARNING:El subtitulo: subtitles\La 1_spa_OCR.st 2017 12 27.xlogmorning_new está vacio 

2020-05-24 08:43:10,600:get_data.py:96:WARNING:UnicodeDecodeError --- The subtititle: subtitles\La 1_spa_OCR.st 2018 01 09.xlog cant be decodified  

2020-05-24 08:43:10,741:get_data.py:96:WARNING:UnicodeDecodeError --- The subtititle: subtitles\La 1_spa_OCR.st 2018 01 16.xlog cant be decodified  

2020-05-24 08:43:12,912:get_data.py:80:WARNING:El subtitulo: subtitles\La 1_spa_OCR.st 2018 04 04.xlogafternoon_new está vacio 

2020-05-24 08:43:13,584:get_data.py:78:WARNING:El subtitulo: subtitles\La 1_spa_OCR.st 2018 04 26.xlogmorning_new está vacio 

2020-05-24 08:43:13,584:get_data.py:80:WARNING:El subtitulo: subtitles\La 1_spa_OCR.st 2018 04 26.xlogafternoon_new está vacio 

2020-05-24 08:43:16,601:get_data.py:96:WARNING:UnicodeDecodeError --- The subtititle: subtitles\La 1_spa_OCR.st 2018 06 23.xlog cant be decodified  

2020-05-24 08:43:20,888:get_data.py:78:WARNING:El subtitulo: subtitles\La 1_spa_OCR.st 2018 08 10.xlogmorning_new está vacio 

2020-05-24 08:43:20,888:get_data.py:80:WARNING:El subtitulo: subtitles\La 1_spa_OCR.st 2018 08 10.xlogafternoon_new está vacio 

2020-05-24 08:43:21,730:get_data.py:78:WARNING:El subtitulo: subtitles\La 1_spa_OCR.st 2018 09 04.xlogmorning_new está vacio 

2020-05-24 08:43:21,730:get_data.py:80:WARNING:El subtitulo: subtitles\La 1_spa_OCR.st 2018 09 04.xlogafternoon_new está vacio 

2020-05-24 08:43:21,777:get_data.py:78:WARNING:El subtitulo: subtitles\La 1_spa_OCR.st 2018 09 12.xlogmorning_new está vacio 

2020-05-24 08:43:24,532:get_data.py:78:WARNING:El subtitulo: subtitles\La 1_spa_OCR.st 2018 10 29.xlogmorning_new está vacio 

2020-05-24 08:43:24,532:get_data.py:80:WARNING:El subtitulo: subtitles\La 1_spa_OCR.st 2018 10 29.xlogafternoon_new está vacio 

2020-05-24 08:43:29,139:get_data.py:96:WARNING:UnicodeDecodeError --- The subtititle: subtitles\La 1_spa_OCR.st 2019 02 12.xlog cant be decodified  

2020-05-24 08:43:29,452:get_data.py:78:WARNING:El subtitulo: subtitles\La 1_spa_OCR.st 2019 02 20.xlogmorning_new está vacio 

2020-05-24 08:43:29,452:get_data.py:80:WARNING:El subtitulo: subtitles\La 1_spa_OCR.st 2019 02 20.xlogafternoon_new está vacio 

2020-05-24 08:43:29,499:get_data.py:78:WARNING:El subtitulo: subtitles\La 1_spa_OCR.st 2019 03 19.xlogmorning_new está vacio 

2020-05-24 08:43:33,751:get_data.py:78:WARNING:El subtitulo: subtitles\La 1_spa_OCR.st 2019 07 21.xlogmorning_new está vacio 

2020-05-24 08:43:33,751:get_data.py:80:WARNING:El subtitulo: subtitles\La 1_spa_OCR.st 2019 07 21.xlogafternoon_new está vacio 

2020-05-24 08:43:34,157:get_data.py:80:WARNING:El subtitulo: subtitles\La 1_spa_OCR.st 2019 10 30.xlogafternoon_new está vacio 

2020-05-24 08:43:34,188:get_data.py:78:WARNING:El subtitulo: subtitles\La 1_spa_OCR.st 2019 11 04.xlogmorning_new está vacio 

2020-05-24 08:43:34,188:get_data.py:80:WARNING:El subtitulo: subtitles\La 1_spa_OCR.st 2019 11 04.xlogafternoon_new está vacio 

2020-05-24 08:43:34,360:get_data.py:78:WARNING:El subtitulo: subtitles\La 1_spa_OCR.st 2019 11 06.xlogmorning_new está vacio 

2020-05-24 08:43:34,360:get_data.py:80:WARNING:El subtitulo: subtitles\La 1_spa_OCR.st 2019 11 06.xlogafternoon_new está vacio 

2020-05-24 08:43:34,376:get_data.py:78:WARNING:El subtitulo: subtitles\La 1_spa_OCR.st 2019 12 02.xlogmorning_new está vacio 

2020-05-24 08:43:34,579:get_data.py:96:WARNING:UnicodeDecodeError --- The subtititle: subtitles\La 1_spa_OCR.st 2019 12 03.xlog cant be decodified  

2020-05-24 08:43:35,204:get_data.py:96:WARNING:UnicodeDecodeError --- The subtititle: subtitles\La 1_spa_OCR.st 2019 12 21.xlog cant be decodified  

2020-05-24 08:43:35,407:get_data.py:78:WARNING:El subtitulo: subtitles\La 1_spa_OCR.st 2019 12 27.xlogmorning_new está vacio 

2020-05-24 08:43:35,407:get_data.py:80:WARNING:El subtitulo: subtitles\La 1_spa_OCR.st 2019 12 27.xlogafternoon_new está vacio 

2020-05-24 08:43:38,908:get_data.py:78:WARNING:El subtitulo: subtitles\laSexta HD_spa_TXT.st 2019 10 18.xlogmorning_new está vacio 

2020-05-24 08:43:38,908:get_data.py:80:WARNING:El subtitulo: subtitles\laSexta HD_spa_TXT.st 2019 10 18.xlogafternoon_new está vacio 

2020-05-24 08:43:45,532:get_data.py:80:WARNING:El subtitulo: subtitles\Telecinco HD_spa_TXT.st 2016 11 06.xlogafternoon_new está vacio 

2020-05-24 08:43:45,547:get_data.py:80:WARNING:El subtitulo: subtitles\Telecinco HD_spa_TXT.st 2016 11 07.xlogafternoon_new está vacio 

2020-05-24 08:43:45,704:get_data.py:80:WARNING:El subtitulo: subtitles\Telecinco HD_spa_TXT.st 2016 11 16.xlogafternoon_new está vacio 

2020-05-24 08:43:45,829:get_data.py:80:WARNING:El subtitulo: subtitles\Telecinco HD_spa_TXT.st 2016 11 23.xlogafternoon_new está vacio 

2020-05-24 08:43:45,879:get_data.py:80:WARNING:El subtitulo: subtitles\Telecinco HD_spa_TXT.st 2016 11 26.xlogafternoon_new está vacio 

2020-05-24 08:43:45,926:get_data.py:80:WARNING:El subtitulo: subtitles\Telecinco HD_spa_TXT.st 2016 11 29.xlogafternoon_new está vacio 

2020-05-24 08:43:46,191:get_data.py:80:WARNING:El subtitulo: subtitles\Telecinco HD_spa_TXT.st 2016 12 14.xlogafternoon_new está vacio 

2020-05-24 08:43:46,550:get_data.py:80:WARNING:El subtitulo: subtitles\Telecinco HD_spa_TXT.st 2017 01 06.xlogafternoon_new está vacio 

2020-05-24 08:43:46,753:get_data.py:80:WARNING:El subtitulo: subtitles\Telecinco HD_spa_TXT.st 2017 01 18.xlogafternoon_new está vacio 

2020-05-24 08:43:46,785:get_data.py:80:WARNING:El subtitulo: subtitles\Telecinco HD_spa_TXT.st 2017 01 19.xlogafternoon_new está vacio 

2020-05-24 08:43:46,800:get_data.py:80:WARNING:El subtitulo: subtitles\Telecinco HD_spa_TXT.st 2017 01 20.xlogafternoon_new está vacio 

2020-05-24 08:43:46,863:get_data.py:80:WARNING:El subtitulo: subtitles\Telecinco HD_spa_TXT.st 2017 01 23.xlogafternoon_new está vacio 

2020-05-24 08:43:46,957:get_data.py:80:WARNING:El subtitulo: subtitles\Telecinco HD_spa_TXT.st 2017 01 28.xlogafternoon_new está vacio 

2020-05-24 08:43:47,269:get_data.py:80:WARNING:El subtitulo: subtitles\Telecinco HD_spa_TXT.st 2017 02 18.xlogafternoon_new está vacio 

2020-05-24 08:43:47,535:get_data.py:80:WARNING:El subtitulo: subtitles\Telecinco HD_spa_TXT.st 2017 03 07.xlogafternoon_new está vacio 

2020-05-24 08:43:47,550:get_data.py:78:WARNING:El subtitulo: subtitles\Telecinco HD_spa_TXT.st 2017 03 08.xlogmorning_new está vacio 

2020-05-24 08:43:47,566:get_data.py:78:WARNING:El subtitulo: subtitles\Telecinco HD_spa_TXT.st 2017 03 09.xlogmorning_new está vacio 

2020-05-24 08:43:47,628:get_data.py:80:WARNING:El subtitulo: subtitles\Telecinco HD_spa_TXT.st 2017 03 13.xlogafternoon_new está vacio 

2020-05-24 08:43:47,722:get_data.py:80:WARNING:El subtitulo: subtitles\Telecinco HD_spa_TXT.st 2017 03 18.xlogafternoon_new está vacio 

2020-05-24 08:43:47,753:get_data.py:80:WARNING:El subtitulo: subtitles\Telecinco HD_spa_TXT.st 2017 03 19.xlogafternoon_new está vacio 

2020-05-24 08:43:47,753:get_data.py:78:WARNING:El subtitulo: subtitles\Telecinco HD_spa_TXT.st 2017 03 20.xlogmorning_new está vacio 

2020-05-24 08:43:47,769:get_data.py:78:WARNING:El subtitulo: subtitles\Telecinco HD_spa_TXT.st 2017 03 21.xlogmorning_new está vacio 

2020-05-24 08:43:47,831:get_data.py:80:WARNING:El subtitulo: subtitles\Telecinco HD_spa_TXT.st 2017 03 25.xlogafternoon_new está vacio 

2020-05-24 08:43:47,925:get_data.py:80:WARNING:El subtitulo: subtitles\Telecinco HD_spa_TXT.st 2017 03 30.xlogafternoon_new está vacio 

2020-05-24 08:43:48,097:get_data.py:80:WARNING:El subtitulo: subtitles\Telecinco HD_spa_TXT.st 2017 04 09.xlogafternoon_new está vacio 

2020-05-24 08:43:48,144:get_data.py:80:WARNING:El subtitulo: subtitles\Telecinco HD_spa_TXT.st 2017 04 12.xlogafternoon_new está vacio 

2020-05-24 08:43:48,159:get_data.py:78:WARNING:El subtitulo: subtitles\Telecinco HD_spa_TXT.st 2017 04 13.xlogmorning_new está vacio 

2020-05-24 08:43:48,222:get_data.py:78:WARNING:El subtitulo: subtitles\Telecinco HD_spa_TXT.st 2017 04 17.xlogmorning_new está vacio 

2020-05-24 08:43:48,237:get_data.py:78:WARNING:El subtitulo: subtitles\Telecinco HD_spa_TXT.st 2017 04 18.xlogmorning_new está vacio 

2020-05-24 08:43:48,253:get_data.py:78:WARNING:El subtitulo: subtitles\Telecinco HD_spa_TXT.st 2017 04 19.xlogmorning_new está vacio 

2020-05-24 08:43:48,269:get_data.py:78:WARNING:El subtitulo: subtitles\Telecinco HD_spa_TXT.st 2017 04 20.xlogmorning_new está vacio 

2020-05-24 08:43:48,284:get_data.py:78:WARNING:El subtitulo: subtitles\Telecinco HD_spa_TXT.st 2017 04 21.xlogmorning_new está vacio 

2020-05-24 08:43:48,284:get_data.py:80:WARNING:El subtitulo: subtitles\Telecinco HD_spa_TXT.st 2017 04 21.xlogafternoon_new está vacio 

2020-05-24 08:43:48,331:get_data.py:78:WARNING:El subtitulo: subtitles\Telecinco HD_spa_TXT.st 2017 04 24.xlogmorning_new está vacio 

2020-05-24 08:43:48,347:get_data.py:78:WARNING:El subtitulo: subtitles\Telecinco HD_spa_TXT.st 2017 04 25.xlogmorning_new está vacio 

2020-05-24 08:43:48,362:get_data.py:78:WARNING:El subtitulo: subtitles\Telecinco HD_spa_TXT.st 2017 04 26.xlogmorning_new está vacio 

2020-05-24 08:43:48,378:get_data.py:78:WARNING:El subtitulo: subtitles\Telecinco HD_spa_TXT.st 2017 04 27.xlogmorning_new está vacio 

2020-05-24 08:43:48,378:get_data.py:78:WARNING:El subtitulo: subtitles\Telecinco HD_spa_TXT.st 2017 04 28.xlogmorning_new está vacio 

2020-05-24 08:43:48,425:get_data.py:78:WARNING:El subtitulo: subtitles\Telecinco HD_spa_TXT.st 2017 05 02.xlogmorning_new está vacio 

2020-05-24 08:43:48,441:get_data.py:96:WARNING:UnicodeDecodeError --- The subtititle: subtitles\Telecinco HD_spa_TXT.st 2017 05 03.xlog cant be decodified  

2020-05-24 08:43:48,456:get_data.py:78:WARNING:El subtitulo: subtitles\Telecinco HD_spa_TXT.st 2017 05 04.xlogmorning_new está vacio 

2020-05-24 08:43:48,456:get_data.py:80:WARNING:El subtitulo: subtitles\Telecinco HD_spa_TXT.st 2017 05 04.xlogafternoon_new está vacio 

2020-05-24 08:43:48,472:get_data.py:78:WARNING:El subtitulo: subtitles\Telecinco HD_spa_TXT.st 2017 05 05.xlogmorning_new está vacio 

2020-05-24 08:43:48,519:get_data.py:78:WARNING:El subtitulo: subtitles\Telecinco HD_spa_TXT.st 2017 05 08.xlogmorning_new está vacio 

2020-05-24 08:43:48,519:get_data.py:80:WARNING:El subtitulo: subtitles\Telecinco HD_spa_TXT.st 2017 05 08.xlogafternoon_new está vacio 

2020-05-24 08:43:48,550:get_data.py:78:WARNING:El subtitulo: subtitles\Telecinco HD_spa_TXT.st 2017 05 09.xlogmorning_new está vacio 

2020-05-24 08:43:48,550:get_data.py:80:WARNING:El subtitulo: subtitles\Telecinco HD_spa_TXT.st 2017 05 09.xlogafternoon_new está vacio 

2020-05-24 08:43:48,566:get_data.py:78:WARNING:El subtitulo: subtitles\Telecinco HD_spa_TXT.st 2017 05 10.xlogmorning_new está vacio 

2020-05-24 08:43:48,581:get_data.py:78:WARNING:El subtitulo: subtitles\Telecinco HD_spa_TXT.st 2017 05 11.xlogmorning_new está vacio 

2020-05-24 08:43:48,581:get_data.py:78:WARNING:El subtitulo: subtitles\Telecinco HD_spa_TXT.st 2017 05 12.xlogmorning_new está vacio 

2020-05-24 08:43:48,628:get_data.py:78:WARNING:El subtitulo: subtitles\Telecinco HD_spa_TXT.st 2017 05 15.xlogmorning_new está vacio 

2020-05-24 08:43:48,644:get_data.py:78:WARNING:El subtitulo: subtitles\Telecinco HD_spa_TXT.st 2017 05 16.xlogmorning_new está vacio 

2020-05-24 08:43:48,659:get_data.py:78:WARNING:El subtitulo: subtitles\Telecinco HD_spa_TXT.st 2017 05 17.xlogmorning_new está vacio 

2020-05-24 08:43:48,675:get_data.py:78:WARNING:El subtitulo: subtitles\Telecinco HD_spa_TXT.st 2017 05 18.xlogmorning_new está vacio 

2020-05-24 08:43:48,691:get_data.py:78:WARNING:El subtitulo: subtitles\Telecinco HD_spa_TXT.st 2017 05 19.xlogmorning_new está vacio 

2020-05-24 08:43:48,706:get_data.py:80:WARNING:El subtitulo: subtitles\Telecinco HD_spa_TXT.st 2017 05 20.xlogafternoon_new está vacio 

2020-05-24 08:43:48,737:get_data.py:78:WARNING:El subtitulo: subtitles\Telecinco HD_spa_TXT.st 2017 05 22.xlogmorning_new está vacio 

2020-05-24 08:43:48,737:get_data.py:78:WARNING:El subtitulo: subtitles\Telecinco HD_spa_TXT.st 2017 05 23.xlogmorning_new está vacio 

2020-05-24 08:43:48,753:get_data.py:78:WARNING:El subtitulo: subtitles\Telecinco HD_spa_TXT.st 2017 05 24.xlogmorning_new está vacio 

2020-05-24 08:43:48,769:get_data.py:78:WARNING:El subtitulo: subtitles\Telecinco HD_spa_TXT.st 2017 05 25.xlogmorning_new está vacio 

2020-05-24 08:43:48,800:get_data.py:78:WARNING:El subtitulo: subtitles\Telecinco HD_spa_TXT.st 2017 05 26.xlogmorning_new está vacio 

2020-05-24 08:43:48,831:get_data.py:78:WARNING:El subtitulo: subtitles\Telecinco HD_spa_TXT.st 2017 05 29.xlogmorning_new está vacio 

2020-05-24 08:43:48,847:get_data.py:78:WARNING:El subtitulo: subtitles\Telecinco HD_spa_TXT.st 2017 05 30.xlogmorning_new está vacio 

2020-05-24 08:43:48,862:get_data.py:78:WARNING:El subtitulo: subtitles\Telecinco HD_spa_TXT.st 2017 05 31.xlogmorning_new está vacio 

2020-05-24 08:43:48,878:get_data.py:78:WARNING:El subtitulo: subtitles\Telecinco HD_spa_TXT.st 2017 06 01.xlogmorning_new está vacio 

2020-05-24 08:43:48,894:get_data.py:78:WARNING:El subtitulo: subtitles\Telecinco HD_spa_TXT.st 2017 06 02.xlogmorning_new está vacio 

2020-05-24 08:43:48,925:get_data.py:78:WARNING:El subtitulo: subtitles\Telecinco HD_spa_TXT.st 2017 06 05.xlogmorning_new está vacio 

2020-05-24 08:43:48,940:get_data.py:78:WARNING:El subtitulo: subtitles\Telecinco HD_spa_TXT.st 2017 06 06.xlogmorning_new está vacio 

2020-05-24 08:43:48,956:get_data.py:78:WARNING:El subtitulo: subtitles\Telecinco HD_spa_TXT.st 2017 06 07.xlogmorning_new está vacio 

2020-05-24 08:43:48,956:get_data.py:78:WARNING:El subtitulo: subtitles\Telecinco HD_spa_TXT.st 2017 06 08.xlogmorning_new está vacio 

2020-05-24 08:43:48,972:get_data.py:78:WARNING:El subtitulo: subtitles\Telecinco HD_spa_TXT.st 2017 06 09.xlogmorning_new está vacio 

2020-05-24 08:43:49,003:get_data.py:80:WARNING:El subtitulo: subtitles\Telecinco HD_spa_TXT.st 2017 06 11.xlogafternoon_new está vacio 

2020-05-24 08:43:49,019:get_data.py:78:WARNING:El subtitulo: subtitles\Telecinco HD_spa_TXT.st 2017 06 12.xlogmorning_new está vacio 

2020-05-24 08:43:49,034:get_data.py:78:WARNING:El subtitulo: subtitles\Telecinco HD_spa_TXT.st 2017 06 13.xlogmorning_new está vacio 

2020-05-24 08:43:49,050:get_data.py:78:WARNING:El subtitulo: subtitles\Telecinco HD_spa_TXT.st 2017 06 14.xlogmorning_new está vacio 

2020-05-24 08:43:49,050:get_data.py:78:WARNING:El subtitulo: subtitles\Telecinco HD_spa_TXT.st 2017 06 15.xlogmorning_new está vacio 

2020-05-24 08:43:49,081:get_data.py:78:WARNING:El subtitulo: subtitles\Telecinco HD_spa_TXT.st 2017 06 16.xlogmorning_new está vacio 

2020-05-24 08:43:49,081:get_data.py:80:WARNING:El subtitulo: subtitles\Telecinco HD_spa_TXT.st 2017 06 16.xlogafternoon_new está vacio 

2020-05-24 08:43:49,112:get_data.py:78:WARNING:El subtitulo: subtitles\Telecinco HD_spa_TXT.st 2017 06 19.xlogmorning_new está vacio 

2020-05-24 08:43:49,144:get_data.py:78:WARNING:El subtitulo: subtitles\Telecinco HD_spa_TXT.st 2017 06 20.xlogmorning_new está vacio 

2020-05-24 08:43:49,144:get_data.py:80:WARNING:El subtitulo: subtitles\Telecinco HD_spa_TXT.st 2017 06 20.xlogafternoon_new está vacio 

2020-05-24 08:43:49,159:get_data.py:78:WARNING:El subtitulo: subtitles\Telecinco HD_spa_TXT.st 2017 06 21.xlogmorning_new está vacio 

2020-05-24 08:43:49,175:get_data.py:78:WARNING:El subtitulo: subtitles\Telecinco HD_spa_TXT.st 2017 06 22.xlogmorning_new está vacio 

2020-05-24 08:43:49,175:get_data.py:80:WARNING:El subtitulo: subtitles\Telecinco HD_spa_TXT.st 2017 06 22.xlogafternoon_new está vacio 

2020-05-24 08:43:49,190:get_data.py:78:WARNING:El subtitulo: subtitles\Telecinco HD_spa_TXT.st 2017 06 23.xlogmorning_new está vacio 

2020-05-24 08:43:49,237:get_data.py:78:WARNING:El subtitulo: subtitles\Telecinco HD_spa_TXT.st 2017 06 26.xlogmorning_new está vacio 

2020-05-24 08:43:49,253:get_data.py:78:WARNING:El subtitulo: subtitles\Telecinco HD_spa_TXT.st 2017 06 27.xlogmorning_new está vacio 

2020-05-24 08:43:49,253:get_data.py:80:WARNING:El subtitulo: subtitles\Telecinco HD_spa_TXT.st 2017 06 27.xlogafternoon_new está vacio 

2020-05-24 08:43:49,269:get_data.py:78:WARNING:El subtitulo: subtitles\Telecinco HD_spa_TXT.st 2017 06 28.xlogmorning_new está vacio 

2020-05-24 08:43:49,284:get_data.py:78:WARNING:El subtitulo: subtitles\Telecinco HD_spa_TXT.st 2017 06 29.xlogmorning_new está vacio 

2020-05-24 08:43:49,284:get_data.py:80:WARNING:El subtitulo: subtitles\Telecinco HD_spa_TXT.st 2017 06 29.xlogafternoon_new está vacio 

2020-05-24 08:43:49,300:get_data.py:78:WARNING:El subtitulo: subtitles\Telecinco HD_spa_TXT.st 2017 06 30.xlogmorning_new está vacio 

2020-05-24 08:43:49,347:get_data.py:78:WARNING:El subtitulo: subtitles\Telecinco HD_spa_TXT.st 2017 07 03.xlogmorning_new está vacio 

2020-05-24 08:43:49,362:get_data.py:78:WARNING:El subtitulo: subtitles\Telecinco HD_spa_TXT.st 2017 07 04.xlogmorning_new está vacio 

2020-05-24 08:43:49,362:get_data.py:78:WARNING:El subtitulo: subtitles\Telecinco HD_spa_TXT.st 2017 07 05.xlogmorning_new está vacio 

2020-05-24 08:43:49,378:get_data.py:78:WARNING:El subtitulo: subtitles\Telecinco HD_spa_TXT.st 2017 07 06.xlogmorning_new está vacio 

2020-05-24 08:43:49,393:get_data.py:78:WARNING:El subtitulo: subtitles\Telecinco HD_spa_TXT.st 2017 07 07.xlogmorning_new está vacio 

2020-05-24 08:43:49,456:get_data.py:78:WARNING:El subtitulo: subtitles\Telecinco HD_spa_TXT.st 2017 07 10.xlogmorning_new está vacio 

2020-05-24 08:43:49,456:get_data.py:80:WARNING:El subtitulo: subtitles\Telecinco HD_spa_TXT.st 2017 07 10.xlogafternoon_new está vacio 

2020-05-24 08:43:49,472:get_data.py:78:WARNING:El subtitulo: subtitles\Telecinco HD_spa_TXT.st 2017 07 11.xlogmorning_new está vacio 

2020-05-24 08:43:49,472:get_data.py:78:WARNING:El subtitulo: subtitles\Telecinco HD_spa_TXT.st 2017 07 12.xlogmorning_new está vacio 

2020-05-24 08:43:49,503:get_data.py:78:WARNING:El subtitulo: subtitles\Telecinco HD_spa_TXT.st 2017 07 13.xlogmorning_new está vacio 

2020-05-24 08:43:49,503:get_data.py:80:WARNING:El subtitulo: subtitles\Telecinco HD_spa_TXT.st 2017 07 13.xlogafternoon_new está vacio 

2020-05-24 08:43:49,518:get_data.py:78:WARNING:El subtitulo: subtitles\Telecinco HD_spa_TXT.st 2017 07 14.xlogmorning_new está vacio 

2020-05-24 08:43:49,550:get_data.py:78:WARNING:El subtitulo: subtitles\Telecinco HD_spa_TXT.st 2017 07 17.xlogmorning_new está vacio 

2020-05-24 08:43:49,565:get_data.py:78:WARNING:El subtitulo: subtitles\Telecinco HD_spa_TXT.st 2017 07 18.xlogmorning_new está vacio 

2020-05-24 08:43:49,581:get_data.py:78:WARNING:El subtitulo: subtitles\Telecinco HD_spa_TXT.st 2017 07 19.xlogmorning_new está vacio 

2020-05-24 08:43:49,597:get_data.py:78:WARNING:El subtitulo: subtitles\Telecinco HD_spa_TXT.st 2017 07 20.xlogmorning_new está vacio 

2020-05-24 08:43:49,597:get_data.py:78:WARNING:El subtitulo: subtitles\Telecinco HD_spa_TXT.st 2017 07 21.xlogmorning_new está vacio 

2020-05-24 08:43:49,643:get_data.py:78:WARNING:El subtitulo: subtitles\Telecinco HD_spa_TXT.st 2017 07 24.xlogmorning_new está vacio 

2020-05-24 08:43:49,659:get_data.py:78:WARNING:El subtitulo: subtitles\Telecinco HD_spa_TXT.st 2017 07 25.xlogmorning_new está vacio 

2020-05-24 08:43:49,659:get_data.py:78:WARNING:El subtitulo: subtitles\Telecinco HD_spa_TXT.st 2017 07 26.xlogmorning_new está vacio 

2020-05-24 08:43:49,690:get_data.py:78:WARNING:El subtitulo: subtitles\Telecinco HD_spa_TXT.st 2017 07 27.xlogmorning_new está vacio 

2020-05-24 08:43:49,690:get_data.py:80:WARNING:El subtitulo: subtitles\Telecinco HD_spa_TXT.st 2017 07 27.xlogafternoon_new está vacio 

2020-05-24 08:43:49,706:get_data.py:78:WARNING:El subtitulo: subtitles\Telecinco HD_spa_TXT.st 2017 07 28.xlogmorning_new está vacio 

2020-05-24 08:43:49,737:get_data.py:78:WARNING:El subtitulo: subtitles\Telecinco HD_spa_TXT.st 2017 07 31.xlogmorning_new está vacio 

2020-05-24 08:43:49,753:get_data.py:78:WARNING:El subtitulo: subtitles\Telecinco HD_spa_TXT.st 2017 08 01.xlogmorning_new está vacio 

2020-05-24 08:43:49,784:get_data.py:78:WARNING:El subtitulo: subtitles\Telecinco HD_spa_TXT.st 2017 08 02.xlogmorning_new está vacio 

2020-05-24 08:43:49,784:get_data.py:80:WARNING:El subtitulo: subtitles\Telecinco HD_spa_TXT.st 2017 08 02.xlogafternoon_new está vacio 

2020-05-24 08:43:49,800:get_data.py:78:WARNING:El subtitulo: subtitles\Telecinco HD_spa_TXT.st 2017 08 03.xlogmorning_new está vacio 

2020-05-24 08:43:49,800:get_data.py:80:WARNING:El subtitulo: subtitles\Telecinco HD_spa_TXT.st 2017 08 03.xlogafternoon_new está vacio 

2020-05-24 08:43:49,815:get_data.py:78:WARNING:El subtitulo: subtitles\Telecinco HD_spa_TXT.st 2017 08 04.xlogmorning_new está vacio 

2020-05-24 08:43:49,862:get_data.py:80:WARNING:El subtitulo: subtitles\Telecinco HD_spa_TXT.st 2017 08 07.xlogafternoon_new está vacio 

2020-05-24 08:43:49,893:get_data.py:80:WARNING:El subtitulo: subtitles\Telecinco HD_spa_TXT.st 2017 08 08.xlogafternoon_new está vacio 

2020-05-24 08:43:49,909:get_data.py:80:WARNING:El subtitulo: subtitles\Telecinco HD_spa_TXT.st 2017 08 09.xlogafternoon_new está vacio 

2020-05-24 08:43:49,940:get_data.py:80:WARNING:El subtitulo: subtitles\Telecinco HD_spa_TXT.st 2017 08 10.xlogafternoon_new está vacio 

2020-05-24 08:43:49,987:get_data.py:80:WARNING:El subtitulo: subtitles\Telecinco HD_spa_TXT.st 2017 08 13.xlogafternoon_new está vacio 

2020-05-24 08:43:50,175:get_data.py:78:WARNING:El subtitulo: subtitles\Telecinco HD_spa_TXT.st 2017 08 24.xlogmorning_new está vacio 

2020-05-24 08:43:50,190:get_data.py:80:WARNING:El subtitulo: subtitles\Telecinco HD_spa_TXT.st 2017 08 25.xlogafternoon_new está vacio 

2020-05-24 08:43:50,237:get_data.py:78:WARNING:El subtitulo: subtitles\Telecinco HD_spa_TXT.st 2017 08 28.xlogmorning_new está vacio 

2020-05-24 08:43:50,253:get_data.py:78:WARNING:El subtitulo: subtitles\Telecinco HD_spa_TXT.st 2017 08 29.xlogmorning_new está vacio 

2020-05-24 08:43:50,253:get_data.py:80:WARNING:El subtitulo: subtitles\Telecinco HD_spa_TXT.st 2017 08 29.xlogafternoon_new está vacio 

2020-05-24 08:43:50,268:get_data.py:78:WARNING:El subtitulo: subtitles\Telecinco HD_spa_TXT.st 2017 08 30.xlogmorning_new está vacio 

2020-05-24 08:43:50,284:get_data.py:78:WARNING:El subtitulo: subtitles\Telecinco HD_spa_TXT.st 2017 08 31.xlogmorning_new está vacio 

2020-05-24 08:43:50,300:get_data.py:78:WARNING:El subtitulo: subtitles\Telecinco HD_spa_TXT.st 2017 09 01.xlogmorning_new está vacio 

2020-05-24 08:43:50,315:get_data.py:80:WARNING:El subtitulo: subtitles\Telecinco HD_spa_TXT.st 2017 09 02.xlogafternoon_new está vacio 

2020-05-24 08:43:50,346:get_data.py:78:WARNING:El subtitulo: subtitles\Telecinco HD_spa_TXT.st 2017 09 04.xlogmorning_new está vacio 

2020-05-24 08:43:50,362:get_data.py:78:WARNING:El subtitulo: subtitles\Telecinco HD_spa_TXT.st 2017 09 05.xlogmorning_new está vacio 

2020-05-24 08:43:50,362:get_data.py:78:WARNING:El subtitulo: subtitles\Telecinco HD_spa_TXT.st 2017 09 06.xlogmorning_new está vacio 

2020-05-24 08:43:50,393:get_data.py:78:WARNING:El subtitulo: subtitles\Telecinco HD_spa_TXT.st 2017 09 08.xlogmorning_new está vacio 

2020-05-24 08:43:50,425:get_data.py:78:WARNING:El subtitulo: subtitles\Telecinco HD_spa_TXT.st 2017 09 11.xlogmorning_new está vacio 

2020-05-24 08:43:50,456:get_data.py:78:WARNING:El subtitulo: subtitles\Telecinco HD_spa_TXT.st 2017 09 12.xlogmorning_new está vacio 

2020-05-24 08:43:50,456:get_data.py:80:WARNING:El subtitulo: subtitles\Telecinco HD_spa_TXT.st 2017 09 12.xlogafternoon_new está vacio 

2020-05-24 08:43:50,471:get_data.py:78:WARNING:El subtitulo: subtitles\Telecinco HD_spa_TXT.st 2017 09 13.xlogmorning_new está vacio 

2020-05-24 08:43:50,487:get_data.py:78:WARNING:El subtitulo: subtitles\Telecinco HD_spa_TXT.st 2017 09 14.xlogmorning_new está vacio 

2020-05-24 08:43:50,487:get_data.py:78:WARNING:El subtitulo: subtitles\Telecinco HD_spa_TXT.st 2017 09 15.xlogmorning_new está vacio 

2020-05-24 08:43:50,534:get_data.py:78:WARNING:El subtitulo: subtitles\Telecinco HD_spa_TXT.st 2017 09 18.xlogmorning_new está vacio 

2020-05-24 08:43:50,549:get_data.py:78:WARNING:El subtitulo: subtitles\Telecinco HD_spa_TXT.st 2017 09 19.xlogmorning_new está vacio 

2020-05-24 08:43:50,549:get_data.py:78:WARNING:El subtitulo: subtitles\Telecinco HD_spa_TXT.st 2017 09 20.xlogmorning_new está vacio 

2020-05-24 08:43:50,565:get_data.py:78:WARNING:El subtitulo: subtitles\Telecinco HD_spa_TXT.st 2017 09 21.xlogmorning_new está vacio 

2020-05-24 08:43:50,581:get_data.py:78:WARNING:El subtitulo: subtitles\Telecinco HD_spa_TXT.st 2017 09 22.xlogmorning_new está vacio 

2020-05-24 08:43:50,612:get_data.py:78:WARNING:El subtitulo: subtitles\Telecinco HD_spa_TXT.st 2017 09 24.xlogmorning_new está vacio 

2020-05-24 08:43:50,612:get_data.py:80:WARNING:El subtitulo: subtitles\Telecinco HD_spa_TXT.st 2017 09 24.xlogafternoon_new está vacio 

2020-05-24 08:43:50,628:get_data.py:78:WARNING:El subtitulo: subtitles\Telecinco HD_spa_TXT.st 2017 09 25.xlogmorning_new está vacio 

2020-05-24 08:43:50,643:get_data.py:78:WARNING:El subtitulo: subtitles\Telecinco HD_spa_TXT.st 2017 09 26.xlogmorning_new está vacio 

2020-05-24 08:43:50,643:get_data.py:80:WARNING:El subtitulo: subtitles\Telecinco HD_spa_TXT.st 2017 09 26.xlogafternoon_new está vacio 

2020-05-24 08:43:50,659:get_data.py:78:WARNING:El subtitulo: subtitles\Telecinco HD_spa_TXT.st 2017 09 27.xlogmorning_new está vacio 

2020-05-24 08:43:50,674:get_data.py:78:WARNING:El subtitulo: subtitles\Telecinco HD_spa_TXT.st 2017 09 28.xlogmorning_new está vacio 

2020-05-24 08:43:50,674:get_data.py:80:WARNING:El subtitulo: subtitles\Telecinco HD_spa_TXT.st 2017 09 28.xlogafternoon_new está vacio 

2020-05-24 08:43:50,690:get_data.py:78:WARNING:El subtitulo: subtitles\Telecinco HD_spa_TXT.st 2017 09 29.xlogmorning_new está vacio 

2020-05-24 08:43:50,706:get_data.py:78:WARNING:El subtitulo: subtitles\Telecinco HD_spa_TXT.st 2017 09 30.xlogmorning_new está vacio 

2020-05-24 08:43:50,706:get_data.py:80:WARNING:El subtitulo: subtitles\Telecinco HD_spa_TXT.st 2017 09 30.xlogafternoon_new está vacio 

2020-05-24 08:43:50,706:get_data.py:78:WARNING:El subtitulo: subtitles\Telecinco HD_spa_TXT.st 2017 10 02.xlogmorning_new está vacio 

2020-05-24 08:43:50,721:get_data.py:78:WARNING:El subtitulo: subtitles\Telecinco HD_spa_TXT.st 2017 10 03.xlogmorning_new está vacio 

2020-05-24 08:43:50,737:get_data.py:78:WARNING:El subtitulo: subtitles\Telecinco HD_spa_TXT.st 2017 10 04.xlogmorning_new está vacio 

2020-05-24 08:43:50,753:get_data.py:78:WARNING:El subtitulo: subtitles\Telecinco HD_spa_TXT.st 2017 10 05.xlogmorning_new está vacio 

2020-05-24 08:43:50,768:get_data.py:78:WARNING:El subtitulo: subtitles\Telecinco HD_spa_TXT.st 2017 10 06.xlogmorning_new está vacio 

2020-05-24 08:43:50,768:get_data.py:80:WARNING:El subtitulo: subtitles\Telecinco HD_spa_TXT.st 2017 10 06.xlogafternoon_new está vacio 

2020-05-24 08:43:50,784:get_data.py:78:WARNING:El subtitulo: subtitles\Telecinco HD_spa_TXT.st 2017 10 07.xlogmorning_new está vacio 

2020-05-24 08:43:50,784:get_data.py:80:WARNING:El subtitulo: subtitles\Telecinco HD_spa_TXT.st 2017 10 07.xlogafternoon_new está vacio 

2020-05-24 08:43:50,799:get_data.py:78:WARNING:El subtitulo: subtitles\Telecinco HD_spa_TXT.st 2017 10 09.xlogmorning_new está vacio 

2020-05-24 08:43:50,799:get_data.py:80:WARNING:El subtitulo: subtitles\Telecinco HD_spa_TXT.st 2017 10 09.xlogafternoon_new está vacio 

2020-05-24 08:43:50,815:get_data.py:78:WARNING:El subtitulo: subtitles\Telecinco HD_spa_TXT.st 2017 10 10.xlogmorning_new está vacio 

2020-05-24 08:43:50,831:get_data.py:80:WARNING:El subtitulo: subtitles\Telecinco HD_spa_TXT.st 2017 10 12.xlogafternoon_new está vacio 

2020-05-24 08:43:50,846:get_data.py:78:WARNING:El subtitulo: subtitles\Telecinco HD_spa_TXT.st 2017 10 13.xlogmorning_new está vacio 

2020-05-24 08:43:50,879:get_data.py:78:WARNING:El subtitulo: subtitles\Telecinco HD_spa_TXT.st 2017 10 16.xlogmorning_new está vacio 

2020-05-24 08:43:50,894:get_data.py:78:WARNING:El subtitulo: subtitles\Telecinco HD_spa_TXT.st 2017 10 17.xlogmorning_new está vacio 

2020-05-24 08:43:50,926:get_data.py:78:WARNING:El subtitulo: subtitles\Telecinco HD_spa_TXT.st 2017 10 18.xlogmorning_new está vacio 

2020-05-24 08:43:50,926:get_data.py:80:WARNING:El subtitulo: subtitles\Telecinco HD_spa_TXT.st 2017 10 18.xlogafternoon_new está vacio 

2020-05-24 08:43:50,941:get_data.py:78:WARNING:El subtitulo: subtitles\Telecinco HD_spa_TXT.st 2017 10 19.xlogmorning_new está vacio 

2020-05-24 08:43:50,941:get_data.py:78:WARNING:El subtitulo: subtitles\Telecinco HD_spa_TXT.st 2017 10 20.xlogmorning_new está vacio 

2020-05-24 08:43:50,973:get_data.py:78:WARNING:El subtitulo: subtitles\Telecinco HD_spa_TXT.st 2017 10 23.xlogmorning_new está vacio 

2020-05-24 08:43:50,988:get_data.py:78:WARNING:El subtitulo: subtitles\Telecinco HD_spa_TXT.st 2017 10 24.xlogmorning_new está vacio 

2020-05-24 08:43:51,004:get_data.py:78:WARNING:El subtitulo: subtitles\Telecinco HD_spa_TXT.st 2017 10 25.xlogmorning_new está vacio 

2020-05-24 08:43:51,066:get_data.py:78:WARNING:El subtitulo: subtitles\Telecinco HD_spa_TXT.st 2017 10 30.xlogmorning_new está vacio 

2020-05-24 08:43:51,082:get_data.py:78:WARNING:El subtitulo: subtitles\Telecinco HD_spa_TXT.st 2017 10 31.xlogmorning_new está vacio 

2020-05-24 08:43:51,129:get_data.py:78:WARNING:El subtitulo: subtitles\Telecinco HD_spa_TXT.st 2017 11 02.xlogmorning_new está vacio 

2020-05-24 08:43:51,144:get_data.py:78:WARNING:El subtitulo: subtitles\Telecinco HD_spa_TXT.st 2017 11 03.xlogmorning_new está vacio 

2020-05-24 08:43:51,144:get_data.py:80:WARNING:El subtitulo: subtitles\Telecinco HD_spa_TXT.st 2017 11 03.xlogafternoon_new está vacio 

2020-05-24 08:43:51,191:get_data.py:78:WARNING:El subtitulo: subtitles\Telecinco HD_spa_TXT.st 2017 11 06.xlogmorning_new está vacio 

2020-05-24 08:43:51,207:get_data.py:78:WARNING:El subtitulo: subtitles\Telecinco HD_spa_TXT.st 2017 11 07.xlogmorning_new está vacio 

2020-05-24 08:43:51,222:get_data.py:78:WARNING:El subtitulo: subtitles\Telecinco HD_spa_TXT.st 2017 11 08.xlogmorning_new está vacio 

2020-05-24 08:43:51,238:get_data.py:78:WARNING:El subtitulo: subtitles\Telecinco HD_spa_TXT.st 2017 11 09.xlogmorning_new está vacio 

2020-05-24 08:43:51,254:get_data.py:78:WARNING:El subtitulo: subtitles\Telecinco HD_spa_TXT.st 2017 11 10.xlogmorning_new está vacio 

2020-05-24 08:43:51,301:get_data.py:78:WARNING:El subtitulo: subtitles\Telecinco HD_spa_TXT.st 2017 11 13.xlogmorning_new está vacio 

2020-05-24 08:43:51,316:get_data.py:78:WARNING:El subtitulo: subtitles\Telecinco HD_spa_TXT.st 2017 11 14.xlogmorning_new está vacio 

2020-05-24 08:43:51,316:get_data.py:80:WARNING:El subtitulo: subtitles\Telecinco HD_spa_TXT.st 2017 11 14.xlogafternoon_new está vacio 

2020-05-24 08:43:51,332:get_data.py:78:WARNING:El subtitulo: subtitles\Telecinco HD_spa_TXT.st 2017 11 15.xlogmorning_new está vacio 

2020-05-24 08:43:51,347:get_data.py:78:WARNING:El subtitulo: subtitles\Telecinco HD_spa_TXT.st 2017 11 16.xlogmorning_new está vacio 

2020-05-24 08:43:51,363:get_data.py:78:WARNING:El subtitulo: subtitles\Telecinco HD_spa_TXT.st 2017 11 17.xlogmorning_new está vacio 

2020-05-24 08:43:51,441:get_data.py:78:WARNING:El subtitulo: subtitles\Telecinco HD_spa_TXT.st 2017 11 21.xlogmorning_new está vacio 

2020-05-24 08:43:51,441:get_data.py:80:WARNING:El subtitulo: subtitles\Telecinco HD_spa_TXT.st 2017 11 21.xlogafternoon_new está vacio 

2020-05-24 08:43:51,441:get_data.py:78:WARNING:El subtitulo: subtitles\Telecinco HD_spa_TXT.st 2017 11 23.xlogmorning_new está vacio 

2020-05-24 08:43:51,457:get_data.py:78:WARNING:El subtitulo: subtitles\Telecinco HD_spa_TXT.st 2017 11 24.xlogmorning_new está vacio 

2020-05-24 08:43:51,488:get_data.py:78:WARNING:El subtitulo: subtitles\Telecinco HD_spa_TXT.st 2017 11 27.xlogmorning_new está vacio 

2020-05-24 08:43:51,504:get_data.py:78:WARNING:El subtitulo: subtitles\Telecinco HD_spa_TXT.st 2017 11 28.xlogmorning_new está vacio 

2020-05-24 08:43:51,519:get_data.py:78:WARNING:El subtitulo: subtitles\Telecinco HD_spa_TXT.st 2017 11 29.xlogmorning_new está vacio 

2020-05-24 08:43:51,535:get_data.py:78:WARNING:El subtitulo: subtitles\Telecinco HD_spa_TXT.st 2017 11 30.xlogmorning_new está vacio 

2020-05-24 08:43:51,551:get_data.py:78:WARNING:El subtitulo: subtitles\Telecinco HD_spa_TXT.st 2017 12 01.xlogmorning_new está vacio 

2020-05-24 08:43:51,582:get_data.py:78:WARNING:El subtitulo: subtitles\Telecinco HD_spa_TXT.st 2017 12 04.xlogmorning_new está vacio 

2020-05-24 08:43:51,597:get_data.py:78:WARNING:El subtitulo: subtitles\Telecinco HD_spa_TXT.st 2017 12 05.xlogmorning_new está vacio 

2020-05-24 08:43:51,629:get_data.py:78:WARNING:El subtitulo: subtitles\Telecinco HD_spa_TXT.st 2017 12 07.xlogmorning_new está vacio 

2020-05-24 08:43:51,675:get_data.py:78:WARNING:El subtitulo: subtitles\Telecinco HD_spa_TXT.st 2017 12 11.xlogmorning_new está vacio 

2020-05-24 08:43:51,691:get_data.py:78:WARNING:El subtitulo: subtitles\Telecinco HD_spa_TXT.st 2017 12 12.xlogmorning_new está vacio 

2020-05-24 08:43:51,707:get_data.py:78:WARNING:El subtitulo: subtitles\Telecinco HD_spa_TXT.st 2017 12 13.xlogmorning_new está vacio 

2020-05-24 08:43:51,722:get_data.py:78:WARNING:El subtitulo: subtitles\Telecinco HD_spa_TXT.st 2017 12 14.xlogmorning_new está vacio 

2020-05-24 08:43:51,738:get_data.py:78:WARNING:El subtitulo: subtitles\Telecinco HD_spa_TXT.st 2017 12 15.xlogmorning_new está vacio 

2020-05-24 08:43:51,738:get_data.py:80:WARNING:El subtitulo: subtitles\Telecinco HD_spa_TXT.st 2017 12 15.xlogafternoon_new está vacio 

2020-05-24 08:43:51,769:get_data.py:78:WARNING:El subtitulo: subtitles\Telecinco HD_spa_TXT.st 2017 12 18.xlogmorning_new está vacio 

2020-05-24 08:43:51,785:get_data.py:78:WARNING:El subtitulo: subtitles\Telecinco HD_spa_TXT.st 2017 12 19.xlogmorning_new está vacio 

2020-05-24 08:43:51,800:get_data.py:78:WARNING:El subtitulo: subtitles\Telecinco HD_spa_TXT.st 2017 12 20.xlogmorning_new está vacio 

2020-05-24 08:43:51,832:get_data.py:78:WARNING:El subtitulo: subtitles\Telecinco HD_spa_TXT.st 2017 12 21.xlogmorning_new está vacio 

2020-05-24 08:43:51,832:get_data.py:80:WARNING:El subtitulo: subtitles\Telecinco HD_spa_TXT.st 2017 12 21.xlogafternoon_new está vacio 

2020-05-24 08:43:51,847:get_data.py:78:WARNING:El subtitulo: subtitles\Telecinco HD_spa_TXT.st 2017 12 22.xlogmorning_new está vacio 

2020-05-24 08:43:51,910:get_data.py:80:WARNING:El subtitulo: subtitles\Telecinco HD_spa_TXT.st 2017 12 26.xlogafternoon_new está vacio 

2020-05-24 08:43:51,925:get_data.py:78:WARNING:El subtitulo: subtitles\Telecinco HD_spa_TXT.st 2017 12 27.xlogmorning_new está vacio 

2020-05-24 08:43:51,925:get_data.py:80:WARNING:El subtitulo: subtitles\Telecinco HD_spa_TXT.st 2017 12 27.xlogafternoon_new está vacio 

2020-05-24 08:43:51,988:get_data.py:78:WARNING:El subtitulo: subtitles\Telecinco HD_spa_TXT.st 2018 01 02.xlogmorning_new está vacio 

2020-05-24 08:43:52,004:get_data.py:78:WARNING:El subtitulo: subtitles\Telecinco HD_spa_TXT.st 2018 01 03.xlogmorning_new está vacio 

2020-05-24 08:43:52,019:get_data.py:78:WARNING:El subtitulo: subtitles\Telecinco HD_spa_TXT.st 2018 01 04.xlogmorning_new está vacio 

2020-05-24 08:43:52,035:get_data.py:78:WARNING:El subtitulo: subtitles\Telecinco HD_spa_TXT.st 2018 01 05.xlogmorning_new está vacio 

2020-05-24 08:43:52,050:get_data.py:80:WARNING:El subtitulo: subtitles\Telecinco HD_spa_TXT.st 2018 01 06.xlogafternoon_new está vacio 

2020-05-24 08:43:52,082:get_data.py:78:WARNING:El subtitulo: subtitles\Telecinco HD_spa_TXT.st 2018 01 08.xlogmorning_new está vacio 

2020-05-24 08:43:52,097:get_data.py:78:WARNING:El subtitulo: subtitles\Telecinco HD_spa_TXT.st 2018 01 09.xlogmorning_new está vacio 

2020-05-24 08:43:52,113:get_data.py:78:WARNING:El subtitulo: subtitles\Telecinco HD_spa_TXT.st 2018 01 10.xlogmorning_new está vacio 

2020-05-24 08:43:52,129:get_data.py:78:WARNING:El subtitulo: subtitles\Telecinco HD_spa_TXT.st 2018 01 11.xlogmorning_new está vacio 

2020-05-24 08:43:52,144:get_data.py:78:WARNING:El subtitulo: subtitles\Telecinco HD_spa_TXT.st 2018 01 12.xlogmorning_new está vacio 

2020-05-24 08:43:52,191:get_data.py:78:WARNING:El subtitulo: subtitles\Telecinco HD_spa_TXT.st 2018 01 15.xlogmorning_new está vacio 

2020-05-24 08:43:52,207:get_data.py:78:WARNING:El subtitulo: subtitles\Telecinco HD_spa_TXT.st 2018 01 16.xlogmorning_new está vacio 

2020-05-24 08:43:52,222:get_data.py:78:WARNING:El subtitulo: subtitles\Telecinco HD_spa_TXT.st 2018 01 17.xlogmorning_new está vacio 

2020-05-24 08:43:52,238:get_data.py:78:WARNING:El subtitulo: subtitles\Telecinco HD_spa_TXT.st 2018 01 18.xlogmorning_new está vacio 

2020-05-24 08:43:52,238:get_data.py:78:WARNING:El subtitulo: subtitles\Telecinco HD_spa_TXT.st 2018 01 19.xlogmorning_new está vacio 

2020-05-24 08:43:52,285:get_data.py:78:WARNING:El subtitulo: subtitles\Telecinco HD_spa_TXT.st 2018 01 22.xlogmorning_new está vacio 

2020-05-24 08:43:52,300:get_data.py:78:WARNING:El subtitulo: subtitles\Telecinco HD_spa_TXT.st 2018 01 23.xlogmorning_new está vacio 

2020-05-24 08:43:52,316:get_data.py:78:WARNING:El subtitulo: subtitles\Telecinco HD_spa_TXT.st 2018 01 24.xlogmorning_new está vacio 

2020-05-24 08:43:52,316:get_data.py:78:WARNING:El subtitulo: subtitles\Telecinco HD_spa_TXT.st 2018 01 25.xlogmorning_new está vacio 

2020-05-24 08:43:52,332:get_data.py:78:WARNING:El subtitulo: subtitles\Telecinco HD_spa_TXT.st 2018 01 26.xlogmorning_new está vacio 

2020-05-24 08:43:52,378:get_data.py:78:WARNING:El subtitulo: subtitles\Telecinco HD_spa_TXT.st 2018 01 29.xlogmorning_new está vacio 

2020-05-24 08:43:52,394:get_data.py:78:WARNING:El subtitulo: subtitles\Telecinco HD_spa_TXT.st 2018 01 30.xlogmorning_new está vacio 

2020-05-24 08:43:52,394:get_data.py:78:WARNING:El subtitulo: subtitles\Telecinco HD_spa_TXT.st 2018 01 31.xlogmorning_new está vacio 

2020-05-24 08:43:52,410:get_data.py:78:WARNING:El subtitulo: subtitles\Telecinco HD_spa_TXT.st 2018 02 01.xlogmorning_new está vacio 

2020-05-24 08:43:52,441:get_data.py:78:WARNING:El subtitulo: subtitles\Telecinco HD_spa_TXT.st 2018 02 02.xlogmorning_new está vacio 

2020-05-24 08:43:52,441:get_data.py:80:WARNING:El subtitulo: subtitles\Telecinco HD_spa_TXT.st 2018 02 02.xlogafternoon_new está vacio 

2020-05-24 08:43:52,457:get_data.py:80:WARNING:El subtitulo: subtitles\Telecinco HD_spa_TXT.st 2018 02 03.xlogafternoon_new está vacio 

2020-05-24 08:43:52,472:get_data.py:78:WARNING:El subtitulo: subtitles\Telecinco HD_spa_TXT.st 2018 02 05.xlogmorning_new está vacio 

2020-05-24 08:43:52,488:get_data.py:78:WARNING:El subtitulo: subtitles\Telecinco HD_spa_TXT.st 2018 02 06.xlogmorning_new está vacio 

2020-05-24 08:43:52,503:get_data.py:78:WARNING:El subtitulo: subtitles\Telecinco HD_spa_TXT.st 2018 02 07.xlogmorning_new está vacio 

2020-05-24 08:43:52,519:get_data.py:78:WARNING:El subtitulo: subtitles\Telecinco HD_spa_TXT.st 2018 02 08.xlogmorning_new está vacio 

2020-05-24 08:43:52,535:get_data.py:78:WARNING:El subtitulo: subtitles\Telecinco HD_spa_TXT.st 2018 02 09.xlogmorning_new está vacio 

2020-05-24 08:43:52,566:get_data.py:78:WARNING:El subtitulo: subtitles\Telecinco HD_spa_TXT.st 2018 02 12.xlogmorning_new está vacio 

2020-05-24 08:43:52,582:get_data.py:78:WARNING:El subtitulo: subtitles\Telecinco HD_spa_TXT.st 2018 02 13.xlogmorning_new está vacio 

2020-05-24 08:43:52,597:get_data.py:78:WARNING:El subtitulo: subtitles\Telecinco HD_spa_TXT.st 2018 02 14.xlogmorning_new está vacio 

2020-05-24 08:43:52,613:get_data.py:78:WARNING:El subtitulo: subtitles\Telecinco HD_spa_TXT.st 2018 02 15.xlogmorning_new está vacio 

2020-05-24 08:43:52,628:get_data.py:78:WARNING:El subtitulo: subtitles\Telecinco HD_spa_TXT.st 2018 02 16.xlogmorning_new está vacio 

2020-05-24 08:43:52,660:get_data.py:80:WARNING:El subtitulo: subtitles\Telecinco HD_spa_TXT.st 2018 02 18.xlogafternoon_new está vacio 

2020-05-24 08:43:52,675:get_data.py:78:WARNING:El subtitulo: subtitles\Telecinco HD_spa_TXT.st 2018 02 19.xlogmorning_new está vacio 

2020-05-24 08:43:52,691:get_data.py:78:WARNING:El subtitulo: subtitles\Telecinco HD_spa_TXT.st 2018 02 20.xlogmorning_new está vacio 

2020-05-24 08:43:52,691:get_data.py:78:WARNING:El subtitulo: subtitles\Telecinco HD_spa_TXT.st 2018 02 21.xlogmorning_new está vacio 

2020-05-24 08:43:52,706:get_data.py:78:WARNING:El subtitulo: subtitles\Telecinco HD_spa_TXT.st 2018 02 22.xlogmorning_new está vacio 

2020-05-24 08:43:52,738:get_data.py:78:WARNING:El subtitulo: subtitles\Telecinco HD_spa_TXT.st 2018 02 23.xlogmorning_new está vacio 

2020-05-24 08:43:52,738:get_data.py:80:WARNING:El subtitulo: subtitles\Telecinco HD_spa_TXT.st 2018 02 23.xlogafternoon_new está vacio 

2020-05-24 08:43:52,769:get_data.py:78:WARNING:El subtitulo: subtitles\Telecinco HD_spa_TXT.st 2018 02 26.xlogmorning_new está vacio 

2020-05-24 08:43:52,800:get_data.py:78:WARNING:El subtitulo: subtitles\Telecinco HD_spa_TXT.st 2018 02 27.xlogmorning_new está vacio 

2020-05-24 08:43:52,800:get_data.py:80:WARNING:El subtitulo: subtitles\Telecinco HD_spa_TXT.st 2018 02 27.xlogafternoon_new está vacio 

2020-05-24 08:43:52,816:get_data.py:78:WARNING:El subtitulo: subtitles\Telecinco HD_spa_TXT.st 2018 02 28.xlogmorning_new está vacio 

2020-05-24 08:43:52,816:get_data.py:78:WARNING:El subtitulo: subtitles\Telecinco HD_spa_TXT.st 2018 03 01.xlogmorning_new está vacio 

2020-05-24 08:43:52,831:get_data.py:78:WARNING:El subtitulo: subtitles\Telecinco HD_spa_TXT.st 2018 03 02.xlogmorning_new está vacio 

2020-05-24 08:43:52,878:get_data.py:78:WARNING:El subtitulo: subtitles\Telecinco HD_spa_TXT.st 2018 03 05.xlogmorning_new está vacio 

2020-05-24 08:43:52,894:get_data.py:78:WARNING:El subtitulo: subtitles\Telecinco HD_spa_TXT.st 2018 03 06.xlogmorning_new está vacio 

2020-05-24 08:43:52,894:get_data.py:78:WARNING:El subtitulo: subtitles\Telecinco HD_spa_TXT.st 2018 03 07.xlogmorning_new está vacio 

2020-05-24 08:43:52,910:get_data.py:78:WARNING:El subtitulo: subtitles\Telecinco HD_spa_TXT.st 2018 03 08.xlogmorning_new está vacio 

2020-05-24 08:43:52,925:get_data.py:78:WARNING:El subtitulo: subtitles\Telecinco HD_spa_TXT.st 2018 03 09.xlogmorning_new está vacio 

2020-05-24 08:43:53,128:get_data.py:80:WARNING:El subtitulo: subtitles\Telecinco HD_spa_TXT.st 2018 03 21.xlogafternoon_new está vacio 

2020-05-24 08:43:53,160:get_data.py:80:WARNING:El subtitulo: subtitles\Telecinco HD_spa_TXT.st 2018 03 23.xlogafternoon_new está vacio 

2020-05-24 08:43:53,279:get_data.py:80:WARNING:El subtitulo: subtitles\Telecinco HD_spa_TXT.st 2018 03 28.xlogafternoon_new está vacio 

2020-05-24 08:43:53,279:get_data.py:78:WARNING:El subtitulo: subtitles\Telecinco HD_spa_TXT.st 2018 04 04.xlogmorning_new está vacio 

2020-05-24 08:43:53,279:get_data.py:80:WARNING:El subtitulo: subtitles\Telecinco HD_spa_TXT.st 2018 04 04.xlogafternoon_new está vacio 

2020-05-24 08:43:53,358:get_data.py:80:WARNING:El subtitulo: subtitles\Telecinco HD_spa_TXT.st 2018 04 08.xlogafternoon_new está vacio 

2020-05-24 08:43:53,420:get_data.py:78:WARNING:El subtitulo: subtitles\Telecinco HD_spa_TXT.st 2018 04 12.xlogmorning_new está vacio 

2020-05-24 08:43:53,420:get_data.py:80:WARNING:El subtitulo: subtitles\Telecinco HD_spa_TXT.st 2018 04 12.xlogafternoon_new está vacio 

2020-05-24 08:43:53,670:get_data.py:78:WARNING:El subtitulo: subtitles\Telecinco HD_spa_TXT.st 2018 04 26.xlogmorning_new está vacio 

2020-05-24 08:43:53,670:get_data.py:80:WARNING:El subtitulo: subtitles\Telecinco HD_spa_TXT.st 2018 04 26.xlogafternoon_new está vacio 

2020-05-24 08:43:53,701:get_data.py:78:WARNING:El subtitulo: subtitles\Telecinco HD_spa_TXT.st 2018 04 29.xlogmorning_new está vacio 

2020-05-24 08:43:53,826:get_data.py:78:WARNING:El subtitulo: subtitles\Telecinco HD_spa_TXT.st 2018 05 06.xlogmorning_new está vacio 

2020-05-24 08:43:53,858:get_data.py:80:WARNING:El subtitulo: subtitles\Telecinco HD_spa_TXT.st 2018 05 07.xlogafternoon_new está vacio 

2020-05-24 08:43:54,014:get_data.py:96:WARNING:UnicodeDecodeError --- The subtititle: subtitles\Telecinco HD_spa_TXT.st 2018 05 15.xlog cant be decodified  

2020-05-24 08:43:54,217:get_data.py:80:WARNING:El subtitulo: subtitles\Telecinco HD_spa_TXT.st 2018 05 24.xlogafternoon_new está vacio 

2020-05-24 08:43:54,279:get_data.py:80:WARNING:El subtitulo: subtitles\Telecinco HD_spa_TXT.st 2018 05 27.xlogafternoon_new está vacio 

2020-05-24 08:43:54,310:get_data.py:80:WARNING:El subtitulo: subtitles\Telecinco HD_spa_TXT.st 2018 05 28.xlogafternoon_new está vacio 

2020-05-24 08:43:54,560:get_data.py:80:WARNING:El subtitulo: subtitles\Telecinco HD_spa_TXT.st 2018 06 09.xlogafternoon_new está vacio 

2020-05-24 08:43:54,607:get_data.py:80:WARNING:El subtitulo: subtitles\Telecinco HD_spa_TXT.st 2018 06 10.xlogafternoon_new está vacio 

2020-05-24 08:43:54,670:get_data.py:80:WARNING:El subtitulo: subtitles\Telecinco HD_spa_TXT.st 2018 06 11.xlogafternoon_new está vacio 

2020-05-24 08:43:54,842:get_data.py:80:WARNING:El subtitulo: subtitles\Telecinco HD_spa_TXT.st 2018 06 16.xlogafternoon_new está vacio 

2020-05-24 08:43:54,904:get_data.py:80:WARNING:El subtitulo: subtitles\Telecinco HD_spa_TXT.st 2018 06 19.xlogafternoon_new está vacio 

2020-05-24 08:43:54,951:get_data.py:80:WARNING:El subtitulo: subtitles\Telecinco HD_spa_TXT.st 2018 06 21.xlogafternoon_new está vacio 

2020-05-24 08:43:55,279:get_data.py:80:WARNING:El subtitulo: subtitles\Telecinco HD_spa_TXT.st 2018 06 27.xlogafternoon_new está vacio 

2020-05-24 08:43:55,326:get_data.py:80:WARNING:El subtitulo: subtitles\Telecinco HD_spa_TXT.st 2018 06 28.xlogafternoon_new está vacio 

2020-05-24 08:43:55,545:get_data.py:80:WARNING:El subtitulo: subtitles\Telecinco HD_spa_TXT.st 2018 07 04.xlogafternoon_new está vacio 

2020-05-24 08:43:55,591:get_data.py:80:WARNING:El subtitulo: subtitles\Telecinco HD_spa_TXT.st 2018 07 05.xlogafternoon_new está vacio 

2020-05-24 08:43:55,701:get_data.py:80:WARNING:El subtitulo: subtitles\Telecinco HD_spa_TXT.st 2018 07 08.xlogafternoon_new está vacio 

2020-05-24 08:43:55,732:get_data.py:80:WARNING:El subtitulo: subtitles\Telecinco HD_spa_TXT.st 2018 07 09.xlogafternoon_new está vacio 

2020-05-24 08:43:55,779:get_data.py:80:WARNING:El subtitulo: subtitles\Telecinco HD_spa_TXT.st 2018 07 10.xlogafternoon_new está vacio 

2020-05-24 08:43:55,826:get_data.py:80:WARNING:El subtitulo: subtitles\Telecinco HD_spa_TXT.st 2018 07 12.xlogafternoon_new está vacio 

2020-05-24 08:43:55,873:get_data.py:80:WARNING:El subtitulo: subtitles\Telecinco HD_spa_TXT.st 2018 07 13.xlogafternoon_new está vacio 

2020-05-24 08:43:55,911:get_data.py:80:WARNING:El subtitulo: subtitles\Telecinco HD_spa_TXT.st 2018 07 14.xlogafternoon_new está vacio 

2020-05-24 08:43:55,958:get_data.py:80:WARNING:El subtitulo: subtitles\Telecinco HD_spa_TXT.st 2018 07 15.xlogafternoon_new está vacio 

2020-05-24 08:43:55,989:get_data.py:80:WARNING:El subtitulo: subtitles\Telecinco HD_spa_TXT.st 2018 07 16.xlogafternoon_new está vacio 

2020-05-24 08:43:56,036:get_data.py:80:WARNING:El subtitulo: subtitles\Telecinco HD_spa_TXT.st 2018 07 17.xlogafternoon_new está vacio 

2020-05-24 08:43:56,083:get_data.py:80:WARNING:El subtitulo: subtitles\Telecinco HD_spa_TXT.st 2018 07 18.xlogafternoon_new está vacio 

2020-05-24 08:43:56,114:get_data.py:80:WARNING:El subtitulo: subtitles\Telecinco HD_spa_TXT.st 2018 07 19.xlogafternoon_new está vacio 

2020-05-24 08:43:56,130:get_data.py:80:WARNING:El subtitulo: subtitles\Telecinco HD_spa_TXT.st 2018 07 20.xlogafternoon_new está vacio 

2020-05-24 08:43:56,177:get_data.py:80:WARNING:El subtitulo: subtitles\Telecinco HD_spa_TXT.st 2018 07 21.xlogafternoon_new está vacio 

2020-05-24 08:43:56,208:get_data.py:80:WARNING:El subtitulo: subtitles\Telecinco HD_spa_TXT.st 2018 07 22.xlogafternoon_new está vacio 

2020-05-24 08:43:56,255:get_data.py:80:WARNING:El subtitulo: subtitles\Telecinco HD_spa_TXT.st 2018 07 23.xlogafternoon_new está vacio 

2020-05-24 08:43:56,271:get_data.py:80:WARNING:El subtitulo: subtitles\Telecinco HD_spa_TXT.st 2018 07 24.xlogafternoon_new está vacio 

2020-05-24 08:43:56,302:get_data.py:80:WARNING:El subtitulo: subtitles\Telecinco HD_spa_TXT.st 2018 07 25.xlogafternoon_new está vacio 

2020-05-24 08:43:56,317:get_data.py:80:WARNING:El subtitulo: subtitles\Telecinco HD_spa_TXT.st 2018 07 26.xlogafternoon_new está vacio 

2020-05-24 08:43:56,349:get_data.py:80:WARNING:El subtitulo: subtitles\Telecinco HD_spa_TXT.st 2018 07 27.xlogafternoon_new está vacio 

2020-05-24 08:43:56,364:get_data.py:80:WARNING:El subtitulo: subtitles\Telecinco HD_spa_TXT.st 2018 07 28.xlogafternoon_new está vacio 

2020-05-24 08:43:56,396:get_data.py:80:WARNING:El subtitulo: subtitles\Telecinco HD_spa_TXT.st 2018 07 29.xlogafternoon_new está vacio 

2020-05-24 08:43:56,427:get_data.py:80:WARNING:El subtitulo: subtitles\Telecinco HD_spa_TXT.st 2018 07 30.xlogafternoon_new está vacio 

2020-05-24 08:43:56,442:get_data.py:80:WARNING:El subtitulo: subtitles\Telecinco HD_spa_TXT.st 2018 07 31.xlogafternoon_new está vacio 

2020-05-24 08:43:56,474:get_data.py:80:WARNING:El subtitulo: subtitles\Telecinco HD_spa_TXT.st 2018 08 01.xlogafternoon_new está vacio 

2020-05-24 08:43:56,489:get_data.py:80:WARNING:El subtitulo: subtitles\Telecinco HD_spa_TXT.st 2018 08 02.xlogafternoon_new está vacio 

2020-05-24 08:43:56,521:get_data.py:80:WARNING:El subtitulo: subtitles\Telecinco HD_spa_TXT.st 2018 08 03.xlogafternoon_new está vacio 

2020-05-24 08:43:56,552:get_data.py:80:WARNING:El subtitulo: subtitles\Telecinco HD_spa_TXT.st 2018 08 04.xlogafternoon_new está vacio 

2020-05-24 08:43:56,599:get_data.py:80:WARNING:El subtitulo: subtitles\Telecinco HD_spa_TXT.st 2018 08 05.xlogafternoon_new está vacio 

2020-05-24 08:43:56,614:get_data.py:80:WARNING:El subtitulo: subtitles\Telecinco HD_spa_TXT.st 2018 08 06.xlogafternoon_new está vacio 

2020-05-24 08:43:56,646:get_data.py:80:WARNING:El subtitulo: subtitles\Telecinco HD_spa_TXT.st 2018 08 07.xlogafternoon_new está vacio 

2020-05-24 08:43:56,661:get_data.py:80:WARNING:El subtitulo: subtitles\Telecinco HD_spa_TXT.st 2018 08 08.xlogafternoon_new está vacio 

2020-05-24 08:43:56,692:get_data.py:78:WARNING:El subtitulo: subtitles\Telecinco HD_spa_TXT.st 2018 08 10.xlogmorning_new está vacio 

2020-05-24 08:43:56,692:get_data.py:80:WARNING:El subtitulo: subtitles\Telecinco HD_spa_TXT.st 2018 08 10.xlogafternoon_new está vacio 

2020-05-24 08:43:56,708:get_data.py:80:WARNING:El subtitulo: subtitles\Telecinco HD_spa_TXT.st 2018 08 21.xlogafternoon_new está vacio 

2020-05-24 08:43:56,755:get_data.py:80:WARNING:El subtitulo: subtitles\Telecinco HD_spa_TXT.st 2018 08 23.xlogafternoon_new está vacio 

2020-05-24 08:43:56,817:get_data.py:80:WARNING:El subtitulo: subtitles\Telecinco HD_spa_TXT.st 2018 08 27.xlogafternoon_new está vacio 

2020-05-24 08:43:56,849:get_data.py:80:WARNING:El subtitulo: subtitles\Telecinco HD_spa_TXT.st 2018 08 28.xlogafternoon_new está vacio 

2020-05-24 08:43:56,895:get_data.py:80:WARNING:El subtitulo: subtitles\Telecinco HD_spa_TXT.st 2018 08 29.xlogafternoon_new está vacio 

2020-05-24 08:43:56,911:get_data.py:80:WARNING:El subtitulo: subtitles\Telecinco HD_spa_TXT.st 2018 08 30.xlogafternoon_new está vacio 

2020-05-24 08:43:57,020:get_data.py:80:WARNING:El subtitulo: subtitles\Telecinco HD_spa_TXT.st 2018 09 03.xlogafternoon_new está vacio 

2020-05-24 08:43:57,036:get_data.py:78:WARNING:El subtitulo: subtitles\Telecinco HD_spa_TXT.st 2018 09 04.xlogmorning_new está vacio 

2020-05-24 08:43:57,036:get_data.py:80:WARNING:El subtitulo: subtitles\Telecinco HD_spa_TXT.st 2018 09 04.xlogafternoon_new está vacio 

2020-05-24 08:43:57,036:get_data.py:78:WARNING:El subtitulo: subtitles\Telecinco HD_spa_TXT.st 2018 09 12.xlogmorning_new está vacio 

2020-05-24 08:43:57,067:get_data.py:80:WARNING:El subtitulo: subtitles\Telecinco HD_spa_TXT.st 2018 09 13.xlogafternoon_new está vacio 

2020-05-24 08:43:57,083:get_data.py:80:WARNING:El subtitulo: subtitles\Telecinco HD_spa_TXT.st 2018 09 14.xlogafternoon_new está vacio 

2020-05-24 08:43:57,137:get_data.py:80:WARNING:El subtitulo: subtitles\Telecinco HD_spa_TXT.st 2018 09 17.xlogafternoon_new está vacio 

2020-05-24 08:43:57,169:get_data.py:80:WARNING:El subtitulo: subtitles\Telecinco HD_spa_TXT.st 2018 09 18.xlogafternoon_new está vacio 

2020-05-24 08:43:57,262:get_data.py:80:WARNING:El subtitulo: subtitles\Telecinco HD_spa_TXT.st 2018 09 24.xlogafternoon_new está vacio 

2020-05-24 08:43:57,294:get_data.py:80:WARNING:El subtitulo: subtitles\Telecinco HD_spa_TXT.st 2018 09 25.xlogafternoon_new está vacio 

2020-05-24 08:43:57,325:get_data.py:80:WARNING:El subtitulo: subtitles\Telecinco HD_spa_TXT.st 2018 09 26.xlogafternoon_new está vacio 

2020-05-24 08:43:57,356:get_data.py:80:WARNING:El subtitulo: subtitles\Telecinco HD_spa_TXT.st 2018 09 27.xlogafternoon_new está vacio 

2020-05-24 08:43:57,387:get_data.py:80:WARNING:El subtitulo: subtitles\Telecinco HD_spa_TXT.st 2018 09 28.xlogafternoon_new está vacio 

2020-05-24 08:43:57,434:get_data.py:80:WARNING:El subtitulo: subtitles\Telecinco HD_spa_TXT.st 2018 10 01.xlogafternoon_new está vacio 

2020-05-24 08:43:57,481:get_data.py:80:WARNING:El subtitulo: subtitles\Telecinco HD_spa_TXT.st 2018 10 30.xlogafternoon_new está vacio 

2020-05-24 08:43:57,497:get_data.py:80:WARNING:El subtitulo: subtitles\Telecinco HD_spa_TXT.st 2018 10 31.xlogafternoon_new está vacio 

2020-05-24 08:43:57,559:get_data.py:80:WARNING:El subtitulo: subtitles\Telecinco HD_spa_TXT.st 2018 11 03.xlogafternoon_new está vacio 

2020-05-24 08:43:57,637:get_data.py:80:WARNING:El subtitulo: subtitles\Telecinco HD_spa_TXT.st 2018 11 06.xlogafternoon_new está vacio 

2020-05-24 08:43:57,669:get_data.py:80:WARNING:El subtitulo: subtitles\Telecinco HD_spa_TXT.st 2018 11 07.xlogafternoon_new está vacio 

2020-05-24 08:43:57,715:get_data.py:80:WARNING:El subtitulo: subtitles\Telecinco HD_spa_TXT.st 2018 11 09.xlogafternoon_new está vacio 

2020-05-24 08:43:57,794:get_data.py:80:WARNING:El subtitulo: subtitles\Telecinco HD_spa_TXT.st 2018 11 12.xlogafternoon_new está vacio 

2020-05-24 08:43:57,825:get_data.py:80:WARNING:El subtitulo: subtitles\Telecinco HD_spa_TXT.st 2018 11 13.xlogafternoon_new está vacio 

2020-05-24 08:43:57,840:get_data.py:80:WARNING:El subtitulo: subtitles\Telecinco HD_spa_TXT.st 2018 11 14.xlogafternoon_new está vacio 

2020-05-24 08:43:57,965:get_data.py:80:WARNING:El subtitulo: subtitles\Telecinco HD_spa_TXT.st 2018 11 18.xlogafternoon_new está vacio 

2020-05-24 08:43:57,965:get_data.py:78:WARNING:El subtitulo: subtitles\Telecinco HD_spa_TXT.st 2019 01 23.xlogmorning_new está vacio 

2020-05-24 08:43:57,981:get_data.py:78:WARNING:El subtitulo: subtitles\Telecinco HD_spa_TXT.st 2019 01 24.xlogmorning_new está vacio 

2020-05-24 08:43:57,981:get_data.py:80:WARNING:El subtitulo: subtitles\Telecinco HD_spa_TXT.st 2019 01 24.xlogafternoon_new está vacio 

2020-05-24 08:43:57,997:get_data.py:78:WARNING:El subtitulo: subtitles\Telecinco HD_spa_TXT.st 2019 01 25.xlogmorning_new está vacio 

2020-05-24 08:43:57,997:get_data.py:80:WARNING:El subtitulo: subtitles\Telecinco HD_spa_TXT.st 2019 01 25.xlogafternoon_new está vacio 

2020-05-24 08:43:57,997:get_data.py:78:WARNING:El subtitulo: subtitles\Telecinco HD_spa_TXT.st 2019 01 26.xlogmorning_new está vacio 

2020-05-24 08:43:57,997:get_data.py:80:WARNING:El subtitulo: subtitles\Telecinco HD_spa_TXT.st 2019 01 26.xlogafternoon_new está vacio 

2020-05-24 08:43:58,012:get_data.py:80:WARNING:El subtitulo: subtitles\Telecinco HD_spa_TXT.st 2019 01 27.xlogafternoon_new está vacio 

2020-05-24 08:43:58,028:get_data.py:78:WARNING:El subtitulo: subtitles\Telecinco HD_spa_TXT.st 2019 01 28.xlogmorning_new está vacio 

2020-05-24 08:43:58,028:get_data.py:80:WARNING:El subtitulo: subtitles\Telecinco HD_spa_TXT.st 2019 01 28.xlogafternoon_new está vacio 

2020-05-24 08:43:58,028:get_data.py:78:WARNING:El subtitulo: subtitles\Telecinco HD_spa_TXT.st 2019 03 19.xlogmorning_new está vacio 

2020-05-24 08:43:58,044:get_data.py:78:WARNING:El subtitulo: subtitles\Telecinco HD_spa_TXT.st 2019 03 21.xlogmorning_new está vacio 

2020-05-24 08:43:58,059:get_data.py:78:WARNING:El subtitulo: subtitles\Telecinco HD_spa_TXT.st 2019 03 23.xlogmorning_new está vacio 

2020-05-24 08:43:58,090:get_data.py:80:WARNING:El subtitulo: subtitles\Telecinco HD_spa_TXT.st 2019 03 25.xlogafternoon_new está vacio 

2020-05-24 08:43:58,122:get_data.py:80:WARNING:El subtitulo: subtitles\Telecinco HD_spa_TXT.st 2019 03 27.xlogafternoon_new está vacio 

2020-05-24 08:43:58,153:get_data.py:80:WARNING:El subtitulo: subtitles\Telecinco HD_spa_TXT.st 2019 03 28.xlogafternoon_new está vacio 

2020-05-24 08:43:58,200:get_data.py:80:WARNING:El subtitulo: subtitles\Telecinco HD_spa_TXT.st 2019 03 29.xlogafternoon_new está vacio 

2020-05-24 08:43:58,200:get_data.py:78:WARNING:El subtitulo: subtitles\Telecinco HD_spa_TXT.st 2019 03 30.xlogmorning_new está vacio 

2020-05-24 08:43:58,215:get_data.py:78:WARNING:El subtitulo: subtitles\Telecinco HD_spa_TXT.st 2019 03 31.xlogmorning_new está vacio 

2020-05-24 08:43:58,340:get_data.py:80:WARNING:El subtitulo: subtitles\Telecinco HD_spa_TXT.st 2019 04 07.xlogafternoon_new está vacio 

2020-05-24 08:43:58,387:get_data.py:80:WARNING:El subtitulo: subtitles\Telecinco HD_spa_TXT.st 2019 04 08.xlogafternoon_new está vacio 

2020-05-24 08:43:58,418:get_data.py:80:WARNING:El subtitulo: subtitles\Telecinco HD_spa_TXT.st 2019 04 09.xlogafternoon_new está vacio 

2020-05-24 08:43:58,481:get_data.py:78:WARNING:El subtitulo: subtitles\Telecinco HD_spa_TXT.st 2019 04 13.xlogmorning_new está vacio 

2020-05-24 08:43:58,481:get_data.py:78:WARNING:El subtitulo: subtitles\Telecinco HD_spa_TXT.st 2019 04 14.xlogmorning_new está vacio 

2020-05-24 08:43:58,575:get_data.py:78:WARNING:El subtitulo: subtitles\Telecinco HD_spa_TXT.st 2019 04 19.xlogmorning_new está vacio 

2020-05-24 08:43:58,575:get_data.py:80:WARNING:El subtitulo: subtitles\Telecinco HD_spa_TXT.st 2019 04 19.xlogafternoon_new está vacio 

2020-05-24 08:43:58,575:get_data.py:78:WARNING:El subtitulo: subtitles\Telecinco HD_spa_TXT.st 2019 04 20.xlogmorning_new está vacio 

2020-05-24 08:43:58,590:get_data.py:78:WARNING:El subtitulo: subtitles\Telecinco HD_spa_TXT.st 2019 04 21.xlogmorning_new está vacio 

2020-05-24 08:43:58,621:get_data.py:80:WARNING:El subtitulo: subtitles\Telecinco HD_spa_TXT.st 2019 04 22.xlogafternoon_new está vacio 

2020-05-24 08:43:58,637:get_data.py:80:WARNING:El subtitulo: subtitles\Telecinco HD_spa_TXT.st 2019 04 23.xlogafternoon_new está vacio 

2020-05-24 08:43:58,668:get_data.py:80:WARNING:El subtitulo: subtitles\Telecinco HD_spa_TXT.st 2019 04 24.xlogafternoon_new está vacio 

2020-05-24 08:43:58,700:get_data.py:78:WARNING:El subtitulo: subtitles\Telecinco HD_spa_TXT.st 2019 04 26.xlogmorning_new está vacio 

2020-05-24 08:43:58,700:get_data.py:78:WARNING:El subtitulo: subtitles\Telecinco HD_spa_TXT.st 2019 04 27.xlogmorning_new está vacio 

2020-05-24 08:43:58,700:get_data.py:80:WARNING:El subtitulo: subtitles\Telecinco HD_spa_TXT.st 2019 04 27.xlogafternoon_new está vacio 

2020-05-24 08:43:58,715:get_data.py:78:WARNING:El subtitulo: subtitles\Telecinco HD_spa_TXT.st 2019 09 18.xlogmorning_new está vacio 

2020-05-24 08:43:58,762:get_data.py:78:WARNING:El subtitulo: subtitles\Telecinco HD_spa_TXT.st 2019 09 21.xlogmorning_new está vacio 

2020-05-24 08:43:58,762:get_data.py:80:WARNING:El subtitulo: subtitles\Telecinco HD_spa_TXT.st 2019 09 21.xlogafternoon_new está vacio 

2020-05-24 08:43:58,778:get_data.py:78:WARNING:El subtitulo: subtitles\Telecinco HD_spa_TXT.st 2019 09 22.xlogmorning_new está vacio 

2020-05-24 08:43:58,825:get_data.py:80:WARNING:El subtitulo: subtitles\Telecinco HD_spa_TXT.st 2019 09 25.xlogafternoon_new está vacio 

2020-05-24 08:43:58,887:get_data.py:80:WARNING:El subtitulo: subtitles\Telecinco HD_spa_TXT.st 2019 09 26.xlogafternoon_new está vacio 

2020-05-24 08:43:58,918:get_data.py:78:WARNING:El subtitulo: subtitles\Telecinco HD_spa_TXT.st 2019 09 28.xlogmorning_new está vacio 

2020-05-24 08:43:58,934:get_data.py:78:WARNING:El subtitulo: subtitles\Telecinco HD_spa_TXT.st 2019 09 29.xlogmorning_new está vacio 

2020-05-24 08:43:58,981:get_data.py:80:WARNING:El subtitulo: subtitles\Telecinco HD_spa_TXT.st 2019 10 01.xlogafternoon_new está vacio 

2020-05-24 08:43:59,043:get_data.py:80:WARNING:El subtitulo: subtitles\Telecinco HD_spa_TXT.st 2019 10 04.xlogafternoon_new está vacio 

2020-05-24 08:43:59,059:get_data.py:78:WARNING:El subtitulo: subtitles\Telecinco HD_spa_TXT.st 2019 10 05.xlogmorning_new está vacio 

2020-05-24 08:43:59,059:get_data.py:78:WARNING:El subtitulo: subtitles\Telecinco HD_spa_TXT.st 2019 10 06.xlogmorning_new está vacio 

2020-05-24 08:43:59,090:get_data.py:80:WARNING:El subtitulo: subtitles\Telecinco HD_spa_TXT.st 2019 10 07.xlogafternoon_new está vacio 

2020-05-24 08:43:59,137:get_data.py:80:WARNING:El subtitulo: subtitles\Telecinco HD_spa_TXT.st 2019 10 09.xlogafternoon_new está vacio 

2020-05-24 08:43:59,168:get_data.py:80:WARNING:El subtitulo: subtitles\Telecinco HD_spa_TXT.st 2019 10 11.xlogafternoon_new está vacio 

2020-05-24 08:43:59,184:get_data.py:78:WARNING:El subtitulo: subtitles\Telecinco HD_spa_TXT.st 2019 10 12.xlogmorning_new está vacio 

2020-05-24 08:43:59,199:get_data.py:78:WARNING:El subtitulo: subtitles\Telecinco HD_spa_TXT.st 2019 10 13.xlogmorning_new está vacio 

2020-05-24 08:43:59,215:get_data.py:80:WARNING:El subtitulo: subtitles\Telecinco HD_spa_TXT.st 2019 10 14.xlogafternoon_new está vacio 

2020-05-24 08:43:59,246:get_data.py:78:WARNING:El subtitulo: subtitles\Telecinco HD_spa_TXT.st 2019 10 16.xlogmorning_new está vacio 

2020-05-24 08:43:59,246:get_data.py:78:WARNING:El subtitulo: subtitles\Telecinco HD_spa_TXT.st 2019 10 17.xlogmorning_new está vacio 

2020-05-24 08:43:59,262:get_data.py:78:WARNING:El subtitulo: subtitles\Telecinco HD_spa_TXT.st 2019 10 18.xlogmorning_new está vacio 

2020-05-24 08:43:59,262:get_data.py:80:WARNING:El subtitulo: subtitles\Telecinco HD_spa_TXT.st 2019 10 18.xlogafternoon_new está vacio 

2020-05-24 08:43:59,278:get_data.py:78:WARNING:El subtitulo: subtitles\Telecinco HD_spa_TXT.st 2019 10 19.xlogmorning_new está vacio 

2020-05-24 08:43:59,278:get_data.py:80:WARNING:El subtitulo: subtitles\Telecinco HD_spa_TXT.st 2019 10 20.xlogafternoon_new está vacio 

2020-05-24 08:43:59,309:get_data.py:80:WARNING:El subtitulo: subtitles\Telecinco HD_spa_TXT.st 2019 10 22.xlogafternoon_new está vacio 

2020-05-24 08:43:59,309:get_data.py:78:WARNING:El subtitulo: subtitles\Telecinco HD_spa_TXT.st 2019 10 23.xlogmorning_new está vacio 

2020-05-24 08:43:59,309:get_data.py:80:WARNING:El subtitulo: subtitles\Telecinco HD_spa_TXT.st 2019 10 23.xlogafternoon_new está vacio 

2020-05-24 08:43:59,324:get_data.py:78:WARNING:El subtitulo: subtitles\Telecinco HD_spa_TXT.st 2019 10 24.xlogmorning_new está vacio 

2020-05-24 08:43:59,324:get_data.py:80:WARNING:El subtitulo: subtitles\Telecinco HD_spa_TXT.st 2019 10 24.xlogafternoon_new está vacio 

2020-05-24 08:43:59,324:get_data.py:78:WARNING:El subtitulo: subtitles\Telecinco HD_spa_TXT.st 2019 10 26.xlogmorning_new está vacio 

2020-05-24 08:43:59,324:get_data.py:80:WARNING:El subtitulo: subtitles\Telecinco HD_spa_TXT.st 2019 10 26.xlogafternoon_new está vacio 

2020-05-24 08:43:59,340:get_data.py:80:WARNING:El subtitulo: subtitles\Telecinco HD_spa_TXT.st 2019 10 27.xlogafternoon_new está vacio 

2020-05-24 08:43:59,356:get_data.py:78:WARNING:El subtitulo: subtitles\Telecinco HD_spa_TXT.st 2019 10 28.xlogmorning_new está vacio 

2020-05-24 08:43:59,356:get_data.py:80:WARNING:El subtitulo: subtitles\Telecinco HD_spa_TXT.st 2019 10 28.xlogafternoon_new está vacio 

2020-05-24 08:43:59,356:get_data.py:78:WARNING:El subtitulo: subtitles\Telecinco HD_spa_TXT.st 2019 10 29.xlogmorning_new está vacio 

2020-05-24 08:43:59,371:get_data.py:78:WARNING:El subtitulo: subtitles\Telecinco HD_spa_TXT.st 2019 10 30.xlogmorning_new está vacio 

2020-05-24 08:43:59,371:get_data.py:80:WARNING:El subtitulo: subtitles\Telecinco HD_spa_TXT.st 2019 10 30.xlogafternoon_new está vacio 

2020-05-24 08:43:59,371:get_data.py:78:WARNING:El subtitulo: subtitles\Telecinco HD_spa_TXT.st 2019 11 04.xlogmorning_new está vacio 

2020-05-24 08:43:59,371:get_data.py:80:WARNING:El subtitulo: subtitles\Telecinco HD_spa_TXT.st 2019 11 04.xlogafternoon_new está vacio 

2020-05-24 08:43:59,387:get_data.py:78:WARNING:El subtitulo: subtitles\Telecinco HD_spa_TXT.st 2019 11 05.xlogmorning_new está vacio 

2020-05-24 08:43:59,387:get_data.py:80:WARNING:El subtitulo: subtitles\Telecinco HD_spa_TXT.st 2019 11 05.xlogafternoon_new está vacio 

2020-05-24 08:43:59,387:get_data.py:78:WARNING:El subtitulo: subtitles\Telecinco HD_spa_TXT.st 2019 11 06.xlogmorning_new está vacio 

2020-05-24 08:43:59,387:get_data.py:80:WARNING:El subtitulo: subtitles\Telecinco HD_spa_TXT.st 2019 11 06.xlogafternoon_new está vacio 

2020-05-24 08:43:59,387:get_data.py:78:WARNING:El subtitulo: subtitles\Telecinco HD_spa_TXT.st 2019 11 11.xlogmorning_new está vacio 

2020-05-24 08:43:59,387:get_data.py:78:WARNING:El subtitulo: subtitles\Telecinco HD_spa_TXT.st 2019 11 12.xlogmorning_new está vacio 

2020-05-24 08:43:59,403:get_data.py:78:WARNING:El subtitulo: subtitles\Telecinco HD_spa_TXT.st 2019 11 13.xlogmorning_new está vacio 

2020-05-24 08:43:59,418:get_data.py:78:WARNING:El subtitulo: subtitles\Telecinco HD_spa_TXT.st 2019 11 14.xlogmorning_new está vacio 

2020-05-24 08:43:59,418:get_data.py:80:WARNING:El subtitulo: subtitles\Telecinco HD_spa_TXT.st 2019 11 14.xlogafternoon_new está vacio 

2020-05-24 08:43:59,418:get_data.py:80:WARNING:El subtitulo: subtitles\Telecinco HD_spa_TXT.st 2019 11 15.xlogafternoon_new está vacio 

2020-05-24 08:43:59,434:get_data.py:78:WARNING:El subtitulo: subtitles\Telecinco HD_spa_TXT.st 2019 11 16.xlogmorning_new está vacio 

2020-05-24 08:43:59,434:get_data.py:80:WARNING:El subtitulo: subtitles\Telecinco HD_spa_TXT.st 2019 11 16.xlogafternoon_new está vacio 

2020-05-24 08:43:59,434:get_data.py:78:WARNING:El subtitulo: subtitles\Telecinco HD_spa_TXT.st 2019 11 17.xlogmorning_new está vacio 

2020-05-24 08:43:59,449:get_data.py:78:WARNING:El subtitulo: subtitles\Telecinco HD_spa_TXT.st 2019 11 19.xlogmorning_new está vacio 

2020-05-24 08:43:59,449:get_data.py:80:WARNING:El subtitulo: subtitles\Telecinco HD_spa_TXT.st 2019 11 19.xlogafternoon_new está vacio 

2020-05-24 08:43:59,449:get_data.py:78:WARNING:El subtitulo: subtitles\Telecinco HD_spa_TXT.st 2019 11 20.xlogmorning_new está vacio 

2020-05-24 08:43:59,449:get_data.py:80:WARNING:El subtitulo: subtitles\Telecinco HD_spa_TXT.st 2019 11 20.xlogafternoon_new está vacio 

2020-05-24 08:43:59,449:get_data.py:78:WARNING:El subtitulo: subtitles\Telecinco HD_spa_TXT.st 2019 12 15.xlogmorning_new está vacio 

2020-05-24 08:43:59,449:get_data.py:80:WARNING:El subtitulo: subtitles\Telecinco HD_spa_TXT.st 2019 12 15.xlogafternoon_new está vacio 

2020-05-24 08:43:59,449:get_data.py:78:WARNING:El subtitulo: subtitles\Telecinco HD_spa_TXT.st 2019 12 19.xlogmorning_new está vacio 

2020-05-24 08:43:59,449:get_data.py:80:WARNING:El subtitulo: subtitles\Telecinco HD_spa_TXT.st 2019 12 19.xlogafternoon_new está vacio 

2020-05-24 08:43:59,465:get_data.py:78:WARNING:El subtitulo: subtitles\Telecinco HD_spa_TXT.st 2019 12 21.xlogmorning_new está vacio 

2020-05-24 08:43:59,481:get_data.py:78:WARNING:El subtitulo: subtitles\Telecinco HD_spa_TXT.st 2019 12 22.xlogmorning_new está vacio 

2020-05-24 08:43:59,496:get_data.py:80:WARNING:El subtitulo: subtitles\Telecinco HD_spa_TXT.st 2019 12 23.xlogafternoon_new está vacio 

2020-05-24 08:43:59,527:get_data.py:78:WARNING:El subtitulo: subtitles\Telecinco HD_spa_TXT.st 2019 12 25.xlogmorning_new está vacio 

2020-05-24 08:43:59,559:get_data.py:96:WARNING:UnicodeDecodeError --- The subtititle: subtitles\Telecinco HD_spa_TXT.st 2019 12 27.xlog cant be decodified  

2020-05-24 08:43:59,574:get_data.py:78:WARNING:El subtitulo: subtitles\Telecinco HD_spa_TXT.st 2019 12 28.xlogmorning_new está vacio 

2020-05-24 08:43:59,590:get_data.py:78:WARNING:El subtitulo: subtitles\Telecinco HD_spa_TXT.st 2019 12 29.xlogmorning_new está vacio 

2020-05-24 08:43:59,637:get_data.py:80:WARNING:El subtitulo: subtitles\Telecinco HD_spa_TXT.st 2019 12 31.xlogafternoon_new está vacio 

2020-05-24 08:43:59,653:get_data.py:78:WARNING:El subtitulo: subtitles\Telecinco HD_spa_TXT.st 2020 01 01.xlogmorning_new está vacio 

2020-05-24 08:43:59,699:get_data.py:78:WARNING:El subtitulo: subtitles\Telecinco HD_spa_TXT.st 2020 01 04.xlogmorning_new está vacio 

2020-05-24 08:43:59,715:get_data.py:78:WARNING:El subtitulo: subtitles\Telecinco HD_spa_TXT.st 2020 01 05.xlogmorning_new está vacio 

2020-05-24 08:43:59,824:get_data.py:78:WARNING:El subtitulo: subtitles\Telecinco HD_spa_TXT.st 2020 01 11.xlogmorning_new está vacio 

2020-05-24 08:43:59,824:get_data.py:80:WARNING:El subtitulo: subtitles\Telecinco HD_spa_TXT.st 2020 01 11.xlogafternoon_new está vacio 

2020-05-24 08:43:59,840:get_data.py:78:WARNING:El subtitulo: subtitles\Telecinco HD_spa_TXT.st 2020 01 26.xlogmorning_new está vacio 

2020-05-24 08:43:59,840:get_data.py:80:WARNING:El subtitulo: subtitles\Telecinco HD_spa_TXT.st 2020 01 26.xlogafternoon_new está vacio 

2020-05-24 08:43:59,840:get_data.py:78:WARNING:El subtitulo: subtitles\Telecinco HD_spa_TXT.st 2020 03 25.xlogmorning_new está vacio 

2020-05-24 08:43:59,918:get_data.py:78:WARNING:El subtitulo: subtitles\Telecinco HD_spa_TXT.st 2020 03 29.xlogmorning_new está vacio 

2020-05-24 08:43:59,965:get_data.py:80:WARNING:El subtitulo: subtitles\Telecinco HD_spa_TXT.st 2020 03 31.xlogafternoon_new está vacio 

2020-05-24 08:44:00,043:get_data.py:78:WARNING:El subtitulo: subtitles\Telecinco HD_spa_TXT.st 2020 04 04.xlogmorning_new está vacio 

2020-05-24 08:44:00,121:get_data.py:80:WARNING:El subtitulo: subtitles\Telecinco HD_spa_TXT.st 2020 04 08.xlogafternoon_new está vacio 

2020-05-24 08:44:00,137:get_data.py:80:WARNING:El subtitulo: subtitles\Telecinco HD_spa_TXT.st 2020 04 09.xlogafternoon_new está vacio 

2020-05-24 08:44:00,168:get_data.py:78:WARNING:El subtitulo: subtitles\Telecinco HD_spa_TXT.st 2020 04 10.xlogmorning_new está vacio 

2020-05-24 08:44:00,168:get_data.py:80:WARNING:El subtitulo: subtitles\Telecinco HD_spa_TXT.st 2020 04 10.xlogafternoon_new está vacio 

2020-05-24 08:44:00,184:get_data.py:78:WARNING:El subtitulo: subtitles\Telecinco HD_spa_TXT.st 2020 04 11.xlogmorning_new está vacio 

2020-05-24 08:44:00,230:get_data.py:80:WARNING:El subtitulo: subtitles\Telecinco HD_spa_TXT.st 2020 04 12.xlogafternoon_new está vacio 

2020-05-24 08:44:01,974:get_data.py:80:WARNING:El subtitulo: subtitles\Telemadrid_spa_OCR.st 2017 01 05.xlogafternoon_new está vacio 

2020-05-24 08:44:02,302:get_data.py:80:WARNING:El subtitulo: subtitles\Telemadrid_spa_OCR.st 2017 01 20.xlogafternoon_new está vacio 

2020-05-24 08:44:03,614:get_data.py:80:WARNING:El subtitulo: subtitles\Telemadrid_spa_OCR.st 2017 03 01.xlogafternoon_new está vacio 

2020-05-24 08:44:03,677:get_data.py:78:WARNING:El subtitulo: subtitles\Telemadrid_spa_OCR.st 2017 03 03.xlogmorning_new está vacio 

2020-05-24 08:44:04,275:get_data.py:78:WARNING:El subtitulo: subtitles\Telemadrid_spa_OCR.st 2017 03 21.xlogmorning_new está vacio 

2020-05-24 08:44:05,034:get_data.py:80:WARNING:El subtitulo: subtitles\Telemadrid_spa_OCR.st 2017 04 13.xlogafternoon_new está vacio 

2020-05-24 08:44:05,049:get_data.py:80:WARNING:El subtitulo: subtitles\Telemadrid_spa_OCR.st 2017 04 14.xlogafternoon_new está vacio 

2020-05-24 08:44:05,705:get_data.py:96:WARNING:UnicodeDecodeError --- The subtititle: subtitles\Telemadrid_spa_OCR.st 2017 05 09.xlog cant be decodified  

2020-05-24 08:44:05,944:get_data.py:78:WARNING:El subtitulo: subtitles\Telemadrid_spa_OCR.st 2017 05 15.xlogmorning_new está vacio 

2020-05-24 08:44:05,944:get_data.py:80:WARNING:El subtitulo: subtitles\Telemadrid_spa_OCR.st 2017 05 15.xlogafternoon_new está vacio 

2020-05-24 08:44:06,100:get_data.py:80:WARNING:El subtitulo: subtitles\Telemadrid_spa_OCR.st 2017 05 21.xlogafternoon_new está vacio 

2020-05-24 08:44:06,631:get_data.py:80:WARNING:El subtitulo: subtitles\Telemadrid_spa_OCR.st 2017 06 04.xlogafternoon_new está vacio 

2020-05-24 08:44:06,991:get_data.py:78:WARNING:El subtitulo: subtitles\Telemadrid_spa_OCR.st 2017 06 18.xlogmorning_new está vacio 

2020-05-24 08:44:07,115:get_data.py:80:WARNING:El subtitulo: subtitles\Telemadrid_spa_OCR.st 2017 06 24.xlogafternoon_new está vacio 

2020-05-24 08:44:07,287:get_data.py:80:WARNING:El subtitulo: subtitles\Telemadrid_spa_OCR.st 2017 06 28.xlogafternoon_new está vacio 

2020-05-24 08:44:07,397:get_data.py:80:WARNING:El subtitulo: subtitles\Telemadrid_spa_OCR.st 2017 07 01.xlogafternoon_new está vacio 

2020-05-24 08:44:07,662:get_data.py:80:WARNING:El subtitulo: subtitles\Telemadrid_spa_OCR.st 2017 07 08.xlogafternoon_new está vacio 

2020-05-24 08:44:07,912:get_data.py:80:WARNING:El subtitulo: subtitles\Telemadrid_spa_OCR.st 2017 07 15.xlogafternoon_new está vacio 

2020-05-24 08:44:08,021:get_data.py:80:WARNING:El subtitulo: subtitles\Telemadrid_spa_OCR.st 2017 07 22.xlogafternoon_new está vacio 

2020-05-24 08:44:08,193:get_data.py:80:WARNING:El subtitulo: subtitles\Telemadrid_spa_OCR.st 2017 07 29.xlogafternoon_new está vacio 

2020-05-24 08:44:08,350:get_data.py:80:WARNING:El subtitulo: subtitles\Telemadrid_spa_OCR.st 2017 08 06.xlogafternoon_new está vacio 

2020-05-24 08:44:08,600:get_data.py:80:WARNING:El subtitulo: subtitles\Telemadrid_spa_OCR.st 2017 08 17.xlogafternoon_new está vacio 

2020-05-24 08:44:08,646:get_data.py:80:WARNING:El subtitulo: subtitles\Telemadrid_spa_OCR.st 2017 08 19.xlogafternoon_new está vacio 

2020-05-24 08:44:09,006:get_data.py:78:WARNING:El subtitulo: subtitles\Telemadrid_spa_OCR.st 2017 09 02.xlogmorning_new está vacio 

2020-05-24 08:44:09,474:get_data.py:78:WARNING:El subtitulo: subtitles\Telemadrid_spa_OCR.st 2017 09 21.xlogmorning_new está vacio 

2020-05-24 08:44:09,490:get_data.py:78:WARNING:El subtitulo: subtitles\Telemadrid_spa_OCR.st 2017 09 22.xlogmorning_new está vacio 

2020-05-24 08:44:09,552:get_data.py:78:WARNING:El subtitulo: subtitles\Telemadrid_spa_OCR.st 2017 09 24.xlogmorning_new está vacio 

2020-05-24 08:44:09,552:get_data.py:80:WARNING:El subtitulo: subtitles\Telemadrid_spa_OCR.st 2017 09 24.xlogafternoon_new está vacio 

2020-05-24 08:44:09,615:get_data.py:78:WARNING:El subtitulo: subtitles\Telemadrid_spa_OCR.st 2017 09 26.xlogmorning_new está vacio 

2020-05-24 08:44:09,709:get_data.py:78:WARNING:El subtitulo: subtitles\Telemadrid_spa_OCR.st 2017 09 30.xlogmorning_new está vacio 

2020-05-24 08:44:09,709:get_data.py:80:WARNING:El subtitulo: subtitles\Telemadrid_spa_OCR.st 2017 09 30.xlogafternoon_new está vacio 

2020-05-24 08:44:09,896:get_data.py:78:WARNING:El subtitulo: subtitles\Telemadrid_spa_OCR.st 2017 10 06.xlogmorning_new está vacio 

2020-05-24 08:44:09,896:get_data.py:78:WARNING:El subtitulo: subtitles\Telemadrid_spa_OCR.st 2017 10 07.xlogmorning_new está vacio 

2020-05-24 08:44:09,896:get_data.py:80:WARNING:El subtitulo: subtitles\Telemadrid_spa_OCR.st 2017 10 07.xlogafternoon_new está vacio 

2020-05-24 08:44:10,537:get_data.py:78:WARNING:El subtitulo: subtitles\Telemadrid_spa_OCR.st 2017 10 26.xlogmorning_new está vacio 

2020-05-24 08:44:11,069:get_data.py:78:WARNING:El subtitulo: subtitles\Telemadrid_spa_OCR.st 2017 11 07.xlogmorning_new está vacio 

2020-05-24 08:44:11,179:get_data.py:78:WARNING:El subtitulo: subtitles\Telemadrid_spa_OCR.st 2017 11 09.xlogmorning_new está vacio 

2020-05-24 08:44:11,601:get_data.py:78:WARNING:El subtitulo: subtitles\Telemadrid_spa_OCR.st 2017 11 21.xlogmorning_new está vacio 

2020-05-24 08:44:11,601:get_data.py:80:WARNING:El subtitulo: subtitles\Telemadrid_spa_OCR.st 2017 11 21.xlogafternoon_new está vacio 

2020-05-24 08:44:11,632:get_data.py:78:WARNING:El subtitulo: subtitles\Telemadrid_spa_OCR.st 2017 11 23.xlogmorning_new está vacio 

2020-05-24 08:44:12,991:get_data.py:78:WARNING:El subtitulo: subtitles\Telemadrid_spa_OCR.st 2017 12 27.xlogmorning_new está vacio 

2020-05-24 08:44:12,991:get_data.py:80:WARNING:El subtitulo: subtitles\Telemadrid_spa_OCR.st 2017 12 27.xlogafternoon_new está vacio 

2020-05-24 08:44:13,460:get_data.py:80:WARNING:El subtitulo: subtitles\Telemadrid_spa_OCR.st 2018 01 05.xlogafternoon_new está vacio 

2020-05-24 08:44:16,163:get_data.py:96:WARNING:UnicodeDecodeError --- The subtititle: subtitles\Telemadrid_spa_OCR.st 2018 03 18.xlog cant be decodified  

2020-05-24 08:44:16,446:get_data.py:80:WARNING:El subtitulo: subtitles\Telemadrid_spa_OCR.st 2018 03 25.xlogafternoon_new está vacio 

2020-05-24 08:44:16,601:get_data.py:80:WARNING:El subtitulo: subtitles\Telemadrid_spa_OCR.st 2018 03 29.xlogafternoon_new está vacio 

2020-05-24 08:44:16,616:get_data.py:80:WARNING:El subtitulo: subtitles\Telemadrid_spa_OCR.st 2018 03 30.xlogafternoon_new está vacio 

2020-05-24 08:44:16,835:get_data.py:80:WARNING:El subtitulo: subtitles\Telemadrid_spa_OCR.st 2018 04 04.xlogafternoon_new está vacio 

2020-05-24 08:44:17,915:get_data.py:80:WARNING:El subtitulo: subtitles\Telemadrid_spa_OCR.st 2018 04 26.xlogafternoon_new está vacio 

2020-05-24 08:44:18,189:get_data.py:96:WARNING:UnicodeDecodeError --- The subtititle: subtitles\Telemadrid_spa_OCR.st 2018 05 01.xlog cant be decodified  

2020-05-24 08:44:18,248:get_data.py:80:WARNING:El subtitulo: subtitles\Telemadrid_spa_OCR.st 2018 05 02.xlogafternoon_new está vacio 

2020-05-24 08:44:18,619:get_data.py:78:WARNING:El subtitulo: subtitles\Telemadrid_spa_OCR.st 2018 05 10.xlogmorning_new está vacio 

2020-05-24 08:44:18,836:get_data.py:78:WARNING:El subtitulo: subtitles\Telemadrid_spa_OCR.st 2018 05 15.xlogmorning_new está vacio 

2020-05-24 08:44:18,836:get_data.py:80:WARNING:El subtitulo: subtitles\Telemadrid_spa_OCR.st 2018 05 15.xlogafternoon_new está vacio 

2020-05-24 08:44:18,967:get_data.py:78:WARNING:El subtitulo: subtitles\Telemadrid_spa_OCR.st 2018 05 19.xlogmorning_new está vacio 

2020-05-24 08:44:19,030:get_data.py:96:WARNING:UnicodeDecodeError --- The subtititle: subtitles\Telemadrid_spa_OCR.st 2018 05 22.xlog cant be decodified  

2020-05-24 08:44:19,183:get_data.py:96:WARNING:UnicodeDecodeError --- The subtititle: subtitles\Telemadrid_spa_OCR.st 2018 05 28.xlog cant be decodified  

2020-05-24 08:44:19,450:get_data.py:96:WARNING:UnicodeDecodeError --- The subtititle: subtitles\Telemadrid_spa_OCR.st 2018 06 05.xlog cant be decodified  

2020-05-24 08:44:19,943:get_data.py:80:WARNING:El subtitulo: subtitles\Telemadrid_spa_OCR.st 2018 07 04.xlogafternoon_new está vacio 

2020-05-24 08:44:20,037:get_data.py:80:WARNING:El subtitulo: subtitles\Telemadrid_spa_OCR.st 2018 07 07.xlogafternoon_new está vacio 

2020-05-24 08:44:20,240:get_data.py:96:WARNING:UnicodeDecodeError --- The subtititle: subtitles\Telemadrid_spa_OCR.st 2018 07 20.xlog cant be decodified  

2020-05-24 08:44:20,466:get_data.py:80:WARNING:El subtitulo: subtitles\Telemadrid_spa_OCR.st 2018 07 28.xlogafternoon_new está vacio 

2020-05-24 08:44:20,649:get_data.py:80:WARNING:El subtitulo: subtitles\Telemadrid_spa_OCR.st 2018 08 05.xlogafternoon_new está vacio 

2020-05-24 08:44:20,689:get_data.py:80:WARNING:El subtitulo: subtitles\Telemadrid_spa_OCR.st 2018 08 07.xlogafternoon_new está vacio 

2020-05-24 08:44:20,732:get_data.py:78:WARNING:El subtitulo: subtitles\Telemadrid_spa_OCR.st 2018 11 18.xlogmorning_new está vacio 

2020-05-24 08:44:20,835:get_data.py:96:WARNING:UnicodeDecodeError --- The subtititle: subtitles\Telemadrid_spa_OCR.st 2018 11 21.xlog cant be decodified  

2020-05-24 08:44:20,882:get_data.py:96:WARNING:UnicodeDecodeError --- The subtititle: subtitles\Telemadrid_spa_OCR.st 2018 11 23.xlog cant be decodified  

2020-05-24 08:44:21,188:get_data.py:96:WARNING:UnicodeDecodeError --- The subtititle: subtitles\Telemadrid_spa_OCR.st 2018 12 01.xlog cant be decodified  

2020-05-24 08:44:23,053:get_data.py:80:WARNING:El subtitulo: subtitles\Telemadrid_spa_OCR.st 2019 01 05.xlogafternoon_new está vacio 

2020-05-24 08:44:23,510:get_data.py:96:WARNING:UnicodeDecodeError --- The subtititle: subtitles\Telemadrid_spa_OCR.st 2019 01 16.xlog cant be decodified  

2020-05-24 08:44:23,572:get_data.py:96:WARNING:UnicodeDecodeError --- The subtititle: subtitles\Telemadrid_spa_OCR.st 2019 01 19.xlog cant be decodified  

2020-05-24 08:44:23,921:get_data.py:96:WARNING:UnicodeDecodeError --- The subtititle: subtitles\Telemadrid_spa_OCR.st 2019 02 01.xlog cant be decodified  

2020-05-24 08:44:24,449:get_data.py:78:WARNING:El subtitulo: subtitles\Telemadrid_spa_OCR.st 2019 02 16.xlogmorning_new está vacio 

2020-05-24 08:44:24,449:get_data.py:80:WARNING:El subtitulo: subtitles\Telemadrid_spa_OCR.st 2019 02 16.xlogafternoon_new está vacio 

2020-05-24 08:44:24,546:get_data.py:78:WARNING:El subtitulo: subtitles\Telemadrid_spa_OCR.st 2019 02 20.xlogmorning_new está vacio 

2020-05-24 08:44:24,546:get_data.py:80:WARNING:El subtitulo: subtitles\Telemadrid_spa_OCR.st 2019 02 20.xlogafternoon_new está vacio 

2020-05-24 08:44:24,556:get_data.py:78:WARNING:El subtitulo: subtitles\Telemadrid_spa_OCR.st 2019 03 19.xlogmorning_new está vacio 

2020-05-24 08:44:24,812:get_data.py:96:WARNING:UnicodeDecodeError --- The subtititle: subtitles\Telemadrid_spa_OCR.st 2019 03 30.xlog cant be decodified  

2020-05-24 08:44:25,327:get_data.py:96:WARNING:UnicodeDecodeError --- The subtititle: subtitles\Telemadrid_spa_OCR.st 2019 04 12.xlog cant be decodified  

2020-05-24 08:44:25,530:get_data.py:80:WARNING:El subtitulo: subtitles\Telemadrid_spa_OCR.st 2019 04 14.xlogafternoon_new está vacio 

2020-05-24 08:44:25,752:get_data.py:80:WARNING:El subtitulo: subtitles\Telemadrid_spa_OCR.st 2019 04 17.xlogafternoon_new está vacio 

2020-05-24 08:44:25,848:get_data.py:80:WARNING:El subtitulo: subtitles\Telemadrid_spa_OCR.st 2019 04 19.xlogafternoon_new está vacio 

2020-05-24 08:44:26,322:get_data.py:80:WARNING:El subtitulo: subtitles\Telemadrid_spa_OCR.st 2019 04 28.xlogafternoon_new está vacio 

2020-05-24 08:44:26,585:get_data.py:80:WARNING:El subtitulo: subtitles\Telemadrid_spa_OCR.st 2019 05 02.xlogafternoon_new está vacio 

2020-05-24 08:44:26,892:get_data.py:96:WARNING:UnicodeDecodeError --- The subtititle: subtitles\Telemadrid_spa_OCR.st 2019 05 07.xlog cant be decodified  

2020-05-24 08:44:27,282:get_data.py:96:WARNING:UnicodeDecodeError --- The subtititle: subtitles\Telemadrid_spa_OCR.st 2019 05 13.xlog cant be decodified  

2020-05-24 08:44:27,435:get_data.py:80:WARNING:El subtitulo: subtitles\Telemadrid_spa_OCR.st 2019 05 15.xlogafternoon_new está vacio 

2020-05-24 08:44:27,844:get_data.py:80:WARNING:El subtitulo: subtitles\Telemadrid_spa_OCR.st 2019 05 19.xlogafternoon_new está vacio 

2020-05-24 08:44:27,988:get_data.py:80:WARNING:El subtitulo: subtitles\Telemadrid_spa_OCR.st 2019 05 22.xlogafternoon_new está vacio 

2020-05-24 08:44:28,275:get_data.py:80:WARNING:El subtitulo: subtitles\Telemadrid_spa_OCR.st 2019 05 26.xlogafternoon_new está vacio 

2020-05-24 08:44:28,338:get_data.py:96:WARNING:UnicodeDecodeError --- The subtititle: subtitles\Telemadrid_spa_OCR.st 2019 05 28.xlog cant be decodified  

2020-05-24 08:44:28,635:get_data.py:80:WARNING:El subtitulo: subtitles\Telemadrid_spa_OCR.st 2019 06 02.xlogafternoon_new está vacio 

2020-05-24 08:44:29,181:get_data.py:96:WARNING:UnicodeDecodeError --- The subtititle: subtitles\Telemadrid_spa_OCR.st 2019 06 14.xlog cant be decodified  

2020-05-24 08:44:29,323:get_data.py:96:WARNING:UnicodeDecodeError --- The subtititle: subtitles\Telemadrid_spa_OCR.st 2019 06 19.xlog cant be decodified  

2020-05-24 08:44:29,401:get_data.py:96:WARNING:UnicodeDecodeError --- The subtititle: subtitles\Telemadrid_spa_OCR.st 2019 06 22.xlog cant be decodified  

2020-05-24 08:44:29,838:get_data.py:80:WARNING:El subtitulo: subtitles\Telemadrid_spa_OCR.st 2019 07 03.xlogafternoon_new está vacio 

2020-05-24 08:44:29,994:get_data.py:80:WARNING:El subtitulo: subtitles\Telemadrid_spa_OCR.st 2019 07 06.xlogafternoon_new está vacio 

2020-05-24 08:44:30,372:get_data.py:96:WARNING:UnicodeDecodeError --- The subtititle: subtitles\Telemadrid_spa_OCR.st 2019 07 20.xlog cant be decodified  

2020-05-24 08:44:30,381:get_data.py:96:WARNING:UnicodeDecodeError --- The subtititle: subtitles\Telemadrid_spa_OCR.st 2019 07 21.xlog cant be decodified  

2020-05-24 08:44:30,484:get_data.py:96:WARNING:UnicodeDecodeError --- The subtititle: subtitles\Telemadrid_spa_OCR.st 2019 07 27.xlog cant be decodified  

2020-05-24 08:44:30,484:get_data.py:96:WARNING:UnicodeDecodeError --- The subtititle: subtitles\Telemadrid_spa_OCR.st 2019 07 28.xlog cant be decodified  

2020-05-24 08:44:30,687:get_data.py:80:WARNING:El subtitulo: subtitles\Telemadrid_spa_OCR.st 2019 08 03.xlogafternoon_new está vacio 

2020-05-24 08:44:31,265:get_data.py:96:WARNING:UnicodeDecodeError --- The subtititle: subtitles\Telemadrid_spa_OCR.st 2019 08 21.xlog cant be decodified  

2020-05-24 08:44:31,476:get_data.py:96:WARNING:UnicodeDecodeError --- The subtititle: subtitles\Telemadrid_spa_OCR.st 2019 09 01.xlog cant be decodified  

2020-05-24 08:44:31,476:get_data.py:96:WARNING:UnicodeDecodeError --- The subtititle: subtitles\Telemadrid_spa_OCR.st 2019 09 02.xlog cant be decodified  

2020-05-24 08:44:32,089:get_data.py:78:WARNING:El subtitulo: subtitles\Telemadrid_spa_OCR.st 2019 09 22.xlogmorning_new está vacio 

2020-05-24 08:44:33,387:get_data.py:96:WARNING:UnicodeDecodeError --- The subtititle: subtitles\Telemadrid_spa_OCR.st 2019 10 17.xlog cant be decodified  

2020-05-24 08:44:33,731:get_data.py:80:WARNING:El subtitulo: subtitles\Telemadrid_spa_OCR.st 2019 10 30.xlogafternoon_new está vacio 

2020-05-24 08:44:33,746:get_data.py:78:WARNING:El subtitulo: subtitles\Telemadrid_spa_OCR.st 2019 11 04.xlogmorning_new está vacio 

2020-05-24 08:44:33,746:get_data.py:80:WARNING:El subtitulo: subtitles\Telemadrid_spa_OCR.st 2019 11 04.xlogafternoon_new está vacio 

2020-05-24 08:44:33,777:get_data.py:78:WARNING:El subtitulo: subtitles\Telemadrid_spa_OCR.st 2019 11 06.xlogmorning_new está vacio 

2020-05-24 08:44:33,777:get_data.py:80:WARNING:El subtitulo: subtitles\Telemadrid_spa_OCR.st 2019 11 06.xlogafternoon_new está vacio 

2020-05-24 08:44:33,793:get_data.py:78:WARNING:El subtitulo: subtitles\Telemadrid_spa_OCR.st 2019 11 11.xlogmorning_new está vacio 

2020-05-24 08:44:33,793:get_data.py:80:WARNING:El subtitulo: subtitles\Telemadrid_spa_OCR.st 2019 11 11.xlogafternoon_new está vacio 

2020-05-24 08:44:33,824:get_data.py:96:WARNING:UnicodeDecodeError --- The subtititle: subtitles\Telemadrid_spa_OCR.st 2019 11 13.xlog cant be decodified  

2020-05-24 08:44:33,996:get_data.py:78:WARNING:El subtitulo: subtitles\Telemadrid_spa_OCR.st 2019 11 20.xlogmorning_new está vacio 

2020-05-24 08:44:33,996:get_data.py:80:WARNING:El subtitulo: subtitles\Telemadrid_spa_OCR.st 2019 11 20.xlogafternoon_new está vacio 

2020-05-24 08:44:34,027:get_data.py:78:WARNING:El subtitulo: subtitles\Telemadrid_spa_OCR.st 2019 11 21.xlogmorning_new está vacio 

2020-05-24 08:44:34,168:get_data.py:96:WARNING:UnicodeDecodeError --- The subtititle: subtitles\Telemadrid_spa_OCR.st 2019 11 24.xlog cant be decodified  

2020-05-24 08:44:34,246:get_data.py:96:WARNING:UnicodeDecodeError --- The subtititle: subtitles\Telemadrid_spa_OCR.st 2019 11 26.xlog cant be decodified  

2020-05-24 08:44:34,735:get_data.py:96:WARNING:UnicodeDecodeError --- The subtititle: subtitles\Telemadrid_spa_OCR.st 2019 12 07.xlog cant be decodified  

2020-05-24 08:44:34,749:get_data.py:96:WARNING:UnicodeDecodeError --- The subtititle: subtitles\Telemadrid_spa_OCR.st 2019 12 08.xlog cant be decodified  

2020-05-24 08:44:34,760:get_data.py:96:WARNING:UnicodeDecodeError --- The subtititle: subtitles\Telemadrid_spa_OCR.st 2019 12 09.xlog cant be decodified  

2020-05-24 08:44:35,300:get_data.py:96:WARNING:UnicodeDecodeError --- The subtititle: subtitles\Telemadrid_spa_OCR.st 2019 12 19.xlog cant be decodified  

2020-05-24 08:44:35,438:get_data.py:80:WARNING:El subtitulo: subtitles\Telemadrid_spa_OCR.st 2019 12 21.xlogafternoon_new está vacio 

2020-05-24 08:49:23,855:create_corpus.py:76:WARNING:size of news has been changed becouse of compounds words 

